T1214 1616:085 SEGGER J-Link V5.12 Log File (0000ms, 34035ms total)
T1214 1616:085 DLL Compiled: Mar 30 2016 17:28:31 (0000ms, 34035ms total)
T1214 1616:085 Logging started @ 2017-11-16 17:57 (0000ms, 34035ms total)
T1214 1616:562 JLINK_ExecCommand("Device = AT91SAM3U4E", ...)Device "ATSAM3U4E" selected.  returns 0x00 (0000ms, 34035ms total)
T1214 1616:573 JLINK_ExecCommand("ProjectFile = C:\Users\Student\pmj_JGTK\Flames\jlink.config", ...)  returns 0x00 (0001ms, 34036ms total)
T1214 1617:057 JLINK_ExecCommand("Device = AT91SAM3U4E", ...)Device "ATSAM3U4E" selected.  returns 0x00 (0000ms, 34036ms total)
T1214 1617:057 JLINK_TIF_Select(JLINKARM_TIF_JTAG)  returns 0x00 (0006ms, 34042ms total)
T1214 1617:063 JLINK_GetIdData(...) >0x2F8 JTAG>TotalIRLen = 4, IRPrint = 0x01 >0x30 JTAG> >0x210 JTAG> >0x70 JTAG> >0x48 JTAG> >0x40 JTAG> >0x48 JTAG> >0x78 JTAG> >0x40 JTAG> >0x30 JTAG> >0x40 JTAG> >0x40 JTAG> >0x30 JTAG> >0x40 JTAG> >0x48 JTAG>Found Cortex-M3 r2p0, Little endian. -- CPU_ReadMem(4 bytes @ 0xE000EDF0) -- CPU_ReadMem(4 bytes @ 0xE0002000)FPUnit: 6 code (BP) slots and 2 literal slots -- CPU_ReadMem(4 bytes @ 0xE000EDFC) -- CPU_ReadMem(4 bytes @ 0xE0001000)
 -- CPU_WriteMem(4 bytes @ 0xE0001000) -- CPU_ReadMem(4 bytes @ 0xE000ED88) -- CPU_WriteMem(4 bytes @ 0xE000ED88) -- CPU_ReadMem(4 bytes @ 0xE000ED88) -- CPU_WriteMem(4 bytes @ 0xE000ED88)CoreSight components:ROMTbl 0 @ E00FF000 -- CPU_ReadMem(16 bytes @ 0xE00FF000) -- CPU_ReadMem(16 bytes @ 0xE000EFF0) -- CPU_ReadMem(16 bytes @ 0xE000EFE0)ROMTbl 0 [0]: FFF0F000, CID: B105E00D, PID: 002BB000 SCS -- CPU_ReadMem(16 bytes @ 0xE0001FF0) -- CPU_ReadMem(16 bytes @ 0xE0001FE0)
ROMTbl 0 [1]: FFF02000, CID: B105E00D, PID: 002BB002 DWT -- CPU_ReadMem(16 bytes @ 0xE0002FF0) -- CPU_ReadMem(16 bytes @ 0xE0002FE0)ROMTbl 0 [2]: FFF03000, CID: B105E00D, PID: 002BB003 FPB -- CPU_ReadMem(16 bytes @ 0xE0000FF0) -- CPU_ReadMem(16 bytes @ 0xE0000FE0)ROMTbl 0 [3]: FFF01000, CID: B105E00D, PID: 002BB001 ITM -- CPU_ReadMem(16 bytes @ 0xE00FF010) -- CPU_ReadMem(16 bytes @ 0xE0040FF0) -- CPU_ReadMem(16 bytes @ 0xE0040FE0)ROMTbl 0 [4]: FFF41000, CID: B105900D, PID: 002BB923 TPIU-Lite ScanLen=4
 NumDevices=1 aId[0]=0x4BA00477 aIrRead[0]=0 aScanLen[0]=0 aScanRead[0]=0 (0057ms, 34099ms total)
T1214 1617:120 JLINK_ConfigJTAG(IRPre = 0, DRPre = 0) (0001ms, 34100ms total)
T1214 1617:121 JLINK_SetSpeed(4000) (0000ms, 34100ms total)
T1214 1617:121 JLINK_ResetPullsRESET(OFF) (0000ms, 34100ms total)
T1214 1617:121 JLINK_Connect() >0x2F8 JTAG>TotalIRLen = 4, IRPrint = 0x01 >0x30 JTAG> >0x210 JTAG> >0x70 JTAG> >0x48 JTAG> >0x40 JTAG> >0x48 JTAG> >0x78 JTAG> >0x40 JTAG> >0x30 JTAG> >0x40 JTAG> >0x40 JTAG> >0x30 JTAG> >0x40 JTAG> >0x48 JTAG>Found Cortex-M3 r2p0, Little endian. -- CPU_ReadMem(4 bytes @ 0xE000EDF0) -- CPU_ReadMem(4 bytes @ 0xE0002000)FPUnit: 6 code (BP) slots and 2 literal slots -- CPU_ReadMem(4 bytes @ 0xE000EDFC) -- CPU_ReadMem(4 bytes @ 0xE0001000) -- CPU_WriteMem(4 bytes @ 0xE0001000)
 -- CPU_ReadMem(4 bytes @ 0xE000ED88) -- CPU_WriteMem(4 bytes @ 0xE000ED88) -- CPU_ReadMem(4 bytes @ 0xE000ED88) -- CPU_WriteMem(4 bytes @ 0xE000ED88)CoreSight components:ROMTbl 0 @ E00FF000 -- CPU_ReadMem(16 bytes @ 0xE00FF000) -- CPU_ReadMem(16 bytes @ 0xE000EFF0) -- CPU_ReadMem(16 bytes @ 0xE000EFE0)ROMTbl 0 [0]: FFF0F000, CID: B105E00D, PID: 002BB000 SCS -- CPU_ReadMem(16 bytes @ 0xE0001FF0) -- CPU_ReadMem(16 bytes @ 0xE0001FE0)ROMTbl 0 [1]: FFF02000, CID: B105E00D, PID: 002BB002 DWT
 -- CPU_ReadMem(16 bytes @ 0xE0002FF0) -- CPU_ReadMem(16 bytes @ 0xE0002FE0)ROMTbl 0 [2]: FFF03000, CID: B105E00D, PID: 002BB003 FPB -- CPU_ReadMem(16 bytes @ 0xE0000FF0) -- CPU_ReadMem(16 bytes @ 0xE0000FE0)ROMTbl 0 [3]: FFF01000, CID: B105E00D, PID: 002BB001 ITM -- CPU_ReadMem(16 bytes @ 0xE00FF010) -- CPU_ReadMem(16 bytes @ 0xE0040FF0) -- CPU_ReadMem(16 bytes @ 0xE0040FE0)ROMTbl 0 [4]: FFF41000, CID: B105900D, PID: 002BB923 TPIU-Lite  returns 0x00 (0038ms, 34138ms total)
T1214 1617:159 JLINK_Halt()  returns 0x00 (0004ms, 34142ms total)
T1214 1617:163 JLINK_WriteMem(0x400E0804, 0x0004 Bytes, ...) - Data: 0B 01 00 5A -- CPU_WriteMem(4 bytes @ 0x400E0804)  returns 0x04 (0001ms, 34143ms total)
T1214 1617:164 JLINK_ReadMem (0x400E0808, 0x0004 Bytes, ...) -- CPU_ReadMem(4 bytes @ 0x400E0808) - Data: 01 00 00 00  returns 0x00 (0001ms, 34144ms total)
T1214 1617:165 JLINK_WriteMem(0x400E0804, 0x0004 Bytes, ...) - Data: 0C 02 00 5A -- CPU_WriteMem(4 bytes @ 0x400E0804)  returns 0x04 (0001ms, 34145ms total)
T1214 1617:166 JLINK_ReadMem (0x400E0808, 0x0004 Bytes, ...) -- CPU_ReadMem(4 bytes @ 0x400E0808) - Data: 01 00 00 00  returns 0x00 (0001ms, 34146ms total)
T1214 1617:167 JLINK_Reset() -- CPU_ReadMem(16 bytes @ 0x20000000) -- CPU_WriteMem(16 bytes @ 0x20000000) -- CPU_ReadMem(4 bytes @ 0xE000EDFC) -- CPU_WriteMem(4 bytes @ 0xE000EDFC) -- CPU_ReadMem(4 bytes @ 0xE0001000) -- CPU_WriteMem(4 bytes @ 0xE000ED0C) -- CPU_ReadMem(4 bytes @ 0xE000EDF0) -- CPU_ReadMem(4 bytes @ 0xE000EDF0) -- CPU_WriteMem(4 bytes @ 0xE000EDFC) -- CPU_WriteMem(16 bytes @ 0x20000000) -- CPU_WriteMem(4 bytes @ 0xE0002000) -- CPU_ReadMem(4 bytes @ 0xE000EDFC)
 -- CPU_ReadMem(4 bytes @ 0xE0001000) (0033ms, 34179ms total)
T1214 1617:202 JLINK_JTAG_GetDeviceID(DeviceIndex = 0)  returns 0x4BA00477 (0000ms, 34179ms total)
T1214 1617:202 JLINK_ReadMemU32(0x400E0740, 0x0001 Items, ...) -- CPU_ReadMem(4 bytes @ 0x400E0740) - Data: 60 09 10 28  returns 0x01 (0001ms, 34180ms total)
T1214 1617:203 JLINK_ReadMemU32(0x400E0744, 0x0001 Items, ...) -- CPU_ReadMem(4 bytes @ 0x400E0744) - Data: 00 00 00 00  returns 0x01 (0001ms, 34181ms total)
T1214 1617:204 JLINK_WriteMem(0x400E0804, 0x0004 Bytes, ...) - Data: 05 00 00 5A -- CPU_WriteMem(4 bytes @ 0x400E0804)  returns 0x04 (0001ms, 34182ms total)
T1214 1617:205 JLINK_WriteMem(0x400E0A04, 0x0004 Bytes, ...) - Data: 05 00 00 5A -- CPU_WriteMem(4 bytes @ 0x400E0A04)  returns 0x04 (0001ms, 34183ms total)
T1214 1617:206 JLINK_ReadMem (0x400E0808, 0x0004 Bytes, ...) -- CPU_ReadMem(4 bytes @ 0x400E0808) - Data: 00 00 00 00  returns 0x00 (0001ms, 34184ms total)
T118C 1617:230 JLINK_IsHalted()  returns TRUE (0000ms, 34184ms total)
T118C 1617:230 JLINK_GetMOEs(...) -- CPU_ReadMem(4 bytes @ 0xE000ED30) -- CPU_WriteMem(4 bytes @ 0xE000ED30)  returns 0x01 (0001ms, 34185ms total)
T1214 1617:231 JLINK_ReadMem (0x400E0808, 0x0004 Bytes, ...) -- CPU_ReadMem(4 bytes @ 0x400E0808) - Data: 01 00 00 00  returns 0x00 (0001ms, 34186ms total)
T118C 1617:232 JLINK_ReadReg(R15 (PC))  returns 0x00080D70 (0000ms, 34186ms total)
T1214 1617:232 JLINK_ReadMem (0x400E0A08, 0x0004 Bytes, ...) -- CPU_ReadMem(4 bytes @ 0x400E0A08) - Data: 01 00 00 00  returns 0x00 (0001ms, 34187ms total)
T118C 1617:432 JLINK_IsHalted()  returns TRUE (0000ms, 34187ms total)
T1214 1617:432 JLINK_ResetPullsRESET(ON) (0000ms, 34187ms total)
T1214 1617:432 JLINK_ResetNoHalt() >0x2F8 JTAG>TotalIRLen = 4, IRPrint = 0x01 >0x30 JTAG> >0x210 JTAG> >0x70 JTAG> >0x48 JTAG> >0x40 JTAG> >0x48 JTAG> >0x78 JTAG> >0x40 JTAG> >0x30 JTAG> >0x40 JTAG> >0x40 JTAG> >0x30 JTAG> >0x40 JTAG> >0x48 JTAG>Found Cortex-M3 r2p0, Little endian. -- CPU_ReadMem(4 bytes @ 0xE000EDF0) -- CPU_ReadMem(4 bytes @ 0xE0002000)FPUnit: 6 code (BP) slots and 2 literal slots -- CPU_ReadMem(4 bytes @ 0xE000EDFC) -- CPU_ReadMem(4 bytes @ 0xE0001000)
 -- CPU_ReadMem(4 bytes @ 0xE000ED88) -- CPU_WriteMem(4 bytes @ 0xE000ED88) -- CPU_ReadMem(4 bytes @ 0xE000ED88) -- CPU_WriteMem(4 bytes @ 0xE000ED88)CoreSight components:ROMTbl 0 @ E00FF000 -- CPU_ReadMem(16 bytes @ 0xE00FF000) -- CPU_ReadMem(16 bytes @ 0xE000EFF0) -- CPU_ReadMem(16 bytes @ 0xE000EFE0)ROMTbl 0 [0]: FFF0F000, CID: B105E00D, PID: 002BB000 SCS -- CPU_WriteMem(4 bytes @ 0xE0001000) -- CPU_ReadMem(16 bytes @ 0xE0001FF0) -- CPU_ReadMem(16 bytes @ 0xE0001FE0)
ROMTbl 0 [1]: FFF02000, CID: B105E00D, PID: 002BB002 DWT -- CPU_ReadMem(16 bytes @ 0xE0002FF0) -- CPU_ReadMem(16 bytes @ 0xE0002FE0)ROMTbl 0 [2]: FFF03000, CID: B105E00D, PID: 002BB003 FPB -- CPU_ReadMem(16 bytes @ 0xE0000FF0) -- CPU_ReadMem(16 bytes @ 0xE0000FE0)ROMTbl 0 [3]: FFF01000, CID: B105E00D, PID: 002BB001 ITM -- CPU_ReadMem(16 bytes @ 0xE00FF010) -- CPU_ReadMem(16 bytes @ 0xE0040FF0) -- CPU_ReadMem(16 bytes @ 0xE0040FE0)ROMTbl 0 [4]: FFF41000, CID: B105900D, PID: 002BB923 TPIU-Lite
                JLINK_Reset() -- CPU_ReadMem(16 bytes @ 0x20000000) -- CPU_WriteMem(16 bytes @ 0x20000000) -- CPU_ReadMem(4 bytes @ 0xE000EDFC) -- CPU_WriteMem(4 bytes @ 0xE000EDFC) -- CPU_ReadMem(4 bytes @ 0xE0001000) -- CPU_WriteMem(4 bytes @ 0xE0001004) -- CPU_WriteMem(4 bytes @ 0xE000ED0C) -- CPU_ReadMem(4 bytes @ 0xE000EDF0) -- CPU_ReadMem(4 bytes @ 0xE000EDF0) -- CPU_WriteMem(4 bytes @ 0xE000EDFC) -- CPU_WriteMem(16 bytes @ 0x20000000) -- CPU_WriteMem(4 bytes @ 0xE0002000)
 -- CPU_ReadMem(4 bytes @ 0xE000EDFC) -- CPU_ReadMem(4 bytes @ 0xE0001000) (0033ms, 0033ms total)
                JLINK_Go() -- CPU_ReadMem(4 bytes @ 0xE0001000) -- CPU_WriteMem(4 bytes @ 0xE0001004) (0003ms, 0036ms total)
               (0074ms, 34261ms total)
T1214 1617:507 JLINK_ExecCommand("ProjectFile = C:\Users\Student\pmj_JGTK\Flames\jlink.config", ...)  returns 0x00 (0000ms, 34261ms total)
T1214 1618:051 JLINK_ExecCommand("Device = AT91SAM3U4E", ...)Device "ATSAM3U4E" selected.  returns 0x00 (0001ms, 34262ms total)
T1214 1618:052 JLINK_TIF_Select(JLINKARM_TIF_JTAG)  returns 0x00 (0000ms, 34262ms total)
T1214 1618:052 JLINK_GetIdData(...) ScanLen=4 NumDevices=1 aId[0]=0x4BA00477 aIrRead[0]=0 aScanLen[0]=0 aScanRead[0]=0 (0000ms, 34262ms total)
T1214 1618:052 JLINK_ConfigJTAG(IRPre = 0, DRPre = 0) (0000ms, 34262ms total)
T1214 1618:052 JLINK_SetSpeed(4000) (0000ms, 34262ms total)
T1214 1618:052 JLINK_ResetPullsRESET(OFF) (0000ms, 34262ms total)
T1214 1618:052 JLINK_Connect() >0x2F8 JTAG>TotalIRLen = 4, IRPrint = 0x01 >0x30 JTAG> >0x210 JTAG> >0x70 JTAG> >0x48 JTAG> >0x40 JTAG> >0x48 JTAG> >0x78 JTAG> >0x40 JTAG> >0x30 JTAG> >0x40 JTAG> >0x40 JTAG> >0x30 JTAG> >0x40 JTAG> >0x48 JTAG>Found Cortex-M3 r2p0, Little endian. -- CPU_ReadMem(4 bytes @ 0xE000EDF0) -- CPU_ReadMem(4 bytes @ 0xE0002000)FPUnit: 6 code (BP) slots and 2 literal slots -- CPU_ReadMem(4 bytes @ 0xE000EDFC) -- CPU_ReadMem(4 bytes @ 0xE0001000) -- CPU_WriteMem(4 bytes @ 0xE0001000)
 -- CPU_ReadMem(4 bytes @ 0xE000ED88) -- CPU_WriteMem(4 bytes @ 0xE000ED88) -- CPU_ReadMem(4 bytes @ 0xE000ED88) -- CPU_WriteMem(4 bytes @ 0xE000ED88)CoreSight components:ROMTbl 0 @ E00FF000 -- CPU_ReadMem(16 bytes @ 0xE00FF000) -- CPU_ReadMem(16 bytes @ 0xE000EFF0) -- CPU_ReadMem(16 bytes @ 0xE000EFE0)ROMTbl 0 [0]: FFF0F000, CID: B105E00D, PID: 002BB000 SCS -- CPU_ReadMem(16 bytes @ 0xE0001FF0) -- CPU_ReadMem(16 bytes @ 0xE0001FE0)ROMTbl 0 [1]: FFF02000, CID: B105E00D, PID: 002BB002 DWT
 -- CPU_ReadMem(16 bytes @ 0xE0002FF0) -- CPU_ReadMem(16 bytes @ 0xE0002FE0)ROMTbl 0 [2]: FFF03000, CID: B105E00D, PID: 002BB003 FPB -- CPU_ReadMem(16 bytes @ 0xE0000FF0) -- CPU_ReadMem(16 bytes @ 0xE0000FE0)ROMTbl 0 [3]: FFF01000, CID: B105E00D, PID: 002BB001 ITM -- CPU_ReadMem(16 bytes @ 0xE00FF010) -- CPU_ReadMem(16 bytes @ 0xE0040FF0) -- CPU_ReadMem(16 bytes @ 0xE0040FE0)ROMTbl 0 [4]: FFF41000, CID: B105900D, PID: 002BB923 TPIU-Lite  returns 0x00 (0038ms, 34300ms total)
T1214 1618:090 JLINK_Halt()  returns 0x00 (0004ms, 34304ms total)
T1214 1618:094 JLINK_WriteMem(0x400E0804, 0x0004 Bytes, ...) - Data: 0B 01 00 5A -- CPU_WriteMem(4 bytes @ 0x400E0804)  returns 0x04 (0001ms, 34305ms total)
T1214 1618:095 JLINK_ReadMem (0x400E0808, 0x0004 Bytes, ...) -- CPU_ReadMem(4 bytes @ 0x400E0808) - Data: 01 00 00 00  returns 0x00 (0001ms, 34306ms total)
T1214 1618:096 JLINK_WriteMem(0x400E0804, 0x0004 Bytes, ...) - Data: 0C 02 00 5A -- CPU_WriteMem(4 bytes @ 0x400E0804)  returns 0x04 (0001ms, 34307ms total)
T1214 1618:097 JLINK_ReadMem (0x400E0808, 0x0004 Bytes, ...) -- CPU_ReadMem(4 bytes @ 0x400E0808) - Data: 01 00 00 00  returns 0x00 (0001ms, 34308ms total)
T1214 1618:098 JLINK_Reset() -- CPU_ReadMem(16 bytes @ 0x20000000) -- CPU_WriteMem(16 bytes @ 0x20000000) -- CPU_ReadMem(4 bytes @ 0xE000EDFC) -- CPU_WriteMem(4 bytes @ 0xE000EDFC) -- CPU_ReadMem(4 bytes @ 0xE0001000) -- CPU_WriteMem(4 bytes @ 0xE000ED0C) -- CPU_ReadMem(4 bytes @ 0xE000EDF0) -- CPU_ReadMem(4 bytes @ 0xE000EDF0) -- CPU_WriteMem(4 bytes @ 0xE000EDFC) -- CPU_WriteMem(16 bytes @ 0x20000000) -- CPU_WriteMem(4 bytes @ 0xE0002000) -- CPU_ReadMem(4 bytes @ 0xE000EDFC)
 -- CPU_ReadMem(4 bytes @ 0xE0001000) (0033ms, 34341ms total)
T1214 1618:133 JLINK_JTAG_GetDeviceID(DeviceIndex = 0)  returns 0x4BA00477 (0000ms, 34341ms total)
T1214 1618:133 JLINK_ReadMemU32(0x400E0740, 0x0001 Items, ...) -- CPU_ReadMem(4 bytes @ 0x400E0740) - Data: 60 09 10 28  returns 0x01 (0001ms, 34342ms total)
T1214 1618:134 JLINK_ReadMemU32(0x400E0744, 0x0001 Items, ...) -- CPU_ReadMem(4 bytes @ 0x400E0744) - Data: 00 00 00 00  returns 0x01 (0001ms, 34343ms total)
T1214 1618:138 JLINK_BeginDownload(Flags = 0x00) (0000ms, 34343ms total)
T1214 1618:138 JLINK_WriteMem(0x00080000, 0x1CAC Bytes, ...) - Data: 00 40 08 20 71 0D 08 00 6D 0D 08 00 6D 0D 08 00 ...  returns 0x1CAC (0001ms, 34344ms total)
T1214 1618:140 JLINK_WriteMem(0x00081CAC, 0x054C Bytes, ...) - Data: 4F F4 80 63 21 4A 13 60 02 F5 00 72 13 60 03 F1 ...  returns 0x54C (0000ms, 34344ms total)
T0248 1618:142 JLINK_IsHalted()  returns TRUE (0000ms, 34344ms total)
T0248 1618:142 JLINK_GetMOEs(...) -- CPU_ReadMem(4 bytes @ 0xE000ED30) -- CPU_WriteMem(4 bytes @ 0xE000ED30)  returns 0x01 (0002ms, 34346ms total)
T0248 1618:144 JLINK_ReadReg(R15 (PC)) -- -------------------------------------- -- Start of determining dirty areas in flash cache -- End of determining dirty areas -- Start of preparing flash programming -- Calculating RAM usage -- RAM usage = 2796 Bytes -- Preserving CPU registers -- Preparing memory -- Determining CPU clock frequency -- CPU clock frequency: 3935 kHz -- CPU frequency = 3935 kHz -- Preparing target -- Downloading RAMCode -- Checking target RAM -- Preparing RAMCode
 -- End of preparing flash programmingCPU is running at low speed (3935 kHz). -- CPU is running at 3935 kHz. -- Start of comparing flash -- Read back was estimated as fastest method -- Comparing range 0x80000 - 0x821FF (34 Sectors, 8 KB), using multi-block CRC calculation -- CPU is running -- CPU_ReadMem(256 bytes @ 0x00080000) -- CPU is running -- CPU_ReadMem(256 bytes @ 0x00080100) -- CPU is running -- CPU_ReadMem(256 bytes @ 0x00080200) -- CPU is running -- CPU_ReadMem(256 bytes @ 0x00080300)
 -- CPU is running -- CPU_ReadMem(256 bytes @ 0x00080400) -- CPU is running -- CPU_ReadMem(256 bytes @ 0x00080500) -- CPU is running -- CPU_ReadMem(256 bytes @ 0x00080600) -- CPU is running -- CPU_ReadMem(256 bytes @ 0x00080700) -- CPU is running -- CPU_ReadMem(256 bytes @ 0x00080800) -- CPU is running -- CPU_ReadMem(256 bytes @ 0x00080900) -- CPU is running -- CPU_ReadMem(256 bytes @ 0x00080A00) -- CPU is running -- CPU_ReadMem(256 bytes @ 0x00080B00) -- CPU is running
 -- CPU_ReadMem(256 bytes @ 0x00080C00) -- CPU is running -- CPU_ReadMem(256 bytes @ 0x00080D00) -- CPU is running -- CPU_ReadMem(256 bytes @ 0x00080E00) -- CPU is running -- CPU_ReadMem(256 bytes @ 0x00080F00) -- CPU is running -- CPU_ReadMem(256 bytes @ 0x00081000) -- CPU is running -- CPU_ReadMem(256 bytes @ 0x00081100) -- CPU is running -- CPU_ReadMem(256 bytes @ 0x00081200) -- CPU is running -- CPU_ReadMem(256 bytes @ 0x00081300) -- CPU is running -- CPU_ReadMem(256 bytes @ 0x00081400)
 -- CPU is running -- CPU_ReadMem(256 bytes @ 0x00081500) -- CPU is running -- CPU_ReadMem(256 bytes @ 0x00081600) -- CPU is running -- CPU_ReadMem(256 bytes @ 0x00081700) -- CPU is running -- CPU_ReadMem(256 bytes @ 0x00081800) -- CPU is running -- CPU_ReadMem(256 bytes @ 0x00081900) -- CPU is running -- CPU_ReadMem(256 bytes @ 0x00081A00) -- CPU is running -- CPU_ReadMem(256 bytes @ 0x00081B00) -- CPU is running -- CPU_ReadMem(256 bytes @ 0x00081C00) -- CPU is running
 -- CPU_ReadMem(256 bytes @ 0x00081D00) -- CPU is running -- CPU_ReadMem(256 bytes @ 0x00081E00) -- CPU is running -- CPU_ReadMem(256 bytes @ 0x00081F00) -- CPU is running -- CPU_ReadMem(256 bytes @ 0x00082000) -- CPU is running -- CPU_ReadMem(256 bytes @ 0x00082100) -- CRC does not match for sectors 0-33 -- End of comparing flash -- Start of erasing sectors -- End of erasing sectors -- Start of flash programming -- Programming range 0x00080000 - 0x00081FFF (032 Sectors, 8 KB)
 -- Programming range 0x00082000 - 0x000821FF (002 Sectors, 512 Bytes) -- End of flash programming -- 0x80000 - 0x821FF (034 Sectors, 8 KB) -- Start of verifying flash -- Checksum calculation was estimated as fastest method -- End of verifying flash -- Start of restoring -- Restore RAMCode -- Restore content of target memory -- Restore target -- Restore memory -- Restoring CPU registers -- End of restoring -- Flash programming performed for 1 range (8704 bytes)
 -- Total time needed: 0.349s (Prepare: 0.094s, Compare: 0.102s, Erase: 0.000s, Program: 0.140s, Verify: 0.005s, Restore: 0.007s)  returns 0xFFFFFFFE (0351ms, 34697ms total)
T1214 1618:496 JLINK_EndDownload()  returns 0x00 (0000ms, 34697ms total)
T10B8 1618:632 JLINK_Halt()  returns 0x00 (0000ms, 34697ms total)
T10B8 1618:632 JLINK_ReadReg(R15 (PC))  returns 0xFFFFFFFE (0000ms, 34697ms total)
T10B8 1618:632 JLINK_ReadReg(R13 (SP))  returns 0xFFFFFFFC (0000ms, 34697ms total)
T10B8 1618:691 JLINK_ReadReg(R0)  returns 0x400E1200 (0000ms, 34697ms total)
T10B8 1618:691 JLINK_ReadReg(R1)  returns 0x00000000 (0000ms, 34697ms total)
T10B8 1618:691 JLINK_ReadReg(R2)  returns 0xA5000004 (0000ms, 34697ms total)
T10B8 1618:691 JLINK_ReadReg(R3)  returns 0x0000005C (0000ms, 34697ms total)
T10B8 1618:691 JLINK_ReadReg(R4)  returns 0x2008270A (0000ms, 34697ms total)
T10B8 1618:691 JLINK_ReadReg(R5)  returns 0x66666667 (0000ms, 34697ms total)
T10B8 1618:691 JLINK_ReadReg(R6)  returns 0x00000000 (0000ms, 34697ms total)
T10B8 1618:691 JLINK_ReadReg(R7)  returns 0x800000FF (0000ms, 34697ms total)
T10B8 1618:691 JLINK_ReadReg(R8)  returns 0x200827FB (0000ms, 34697ms total)
T10B8 1618:691 JLINK_ReadReg(R9)  returns 0x2008270C (0000ms, 34697ms total)
T10B8 1618:691 JLINK_ReadReg(R10)  returns 0x2008265F (0000ms, 34697ms total)
T10B8 1618:691 JLINK_ReadReg(R11)  returns 0x6666677B (0000ms, 34697ms total)
T10B8 1618:691 JLINK_ReadReg(R12)  returns 0x2008270B (0000ms, 34697ms total)
T10B8 1618:691 JLINK_ReadReg(R13 (SP))  returns 0xFFFFFFFC (0000ms, 34697ms total)
T10B8 1618:692 JLINK_ReadReg(R14)  returns 0xFFFFFFFF (0000ms, 34697ms total)
T10B8 1618:692 JLINK_ReadReg(R15 (PC))  returns 0xFFFFFFFE (0000ms, 34697ms total)
T10B8 1618:692 JLINK_ReadReg(XPSR)  returns 0x01000000 (0000ms, 34697ms total)
T10B8 1618:692 JLINK_ReadReg(MSP)  returns 0xFFFFFFFC (0000ms, 34697ms total)
T10B8 1618:692 JLINK_ReadReg(PSP)  returns 0x40202480 (0000ms, 34697ms total)
T10B8 1618:692 JLINK_ReadReg(PRIMASK)  returns 0x00000000 (0000ms, 34697ms total)
T10B8 1618:692 JLINK_ReadReg(BASEPRI)  returns 0x00000000 (0000ms, 34697ms total)
T10B8 1618:692 JLINK_ReadReg(FAULTMASK)  returns 0x00000000 (0000ms, 34697ms total)
T10B8 1618:692 JLINK_ReadReg(CONTROL)  returns 0x00000000 (0000ms, 34697ms total)
T0248 1618:695 JLINK_IsHalted()  returns TRUE (0000ms, 34697ms total)
T10B8 1618:714 JLINK_Reset() -- CPU_ReadMem(16 bytes @ 0x20000000) -- CPU_WriteMem(16 bytes @ 0x20000000) -- CPU_ReadMem(4 bytes @ 0xE000EDFC) -- CPU_WriteMem(4 bytes @ 0xE000EDFC) -- CPU_ReadMem(4 bytes @ 0xE0001000) -- CPU_WriteMem(4 bytes @ 0xE000ED0C) -- CPU_ReadMem(4 bytes @ 0xE000EDF0) -- CPU_ReadMem(4 bytes @ 0xE000EDF0) -- CPU_WriteMem(4 bytes @ 0xE000EDFC) -- CPU_WriteMem(16 bytes @ 0x20000000) -- CPU_WriteMem(4 bytes @ 0xE0002000) -- CPU_ReadMem(4 bytes @ 0xE000EDFC)
 -- CPU_ReadMem(4 bytes @ 0xE0001000) (0033ms, 34730ms total)
T0248 1618:747 JLINK_IsHalted()  returns TRUE (0000ms, 34730ms total)
T0248 1618:747 JLINK_GetMOEs(...) -- CPU_ReadMem(4 bytes @ 0xE000ED30) -- CPU_WriteMem(4 bytes @ 0xE000ED30)  returns 0x01 (0002ms, 34732ms total)
T0248 1618:749 JLINK_ReadReg(R15 (PC))  returns 0x00080D70 (0000ms, 34732ms total)
T10B8 1618:757 JLINK_ReadReg(R15 (PC))  returns 0x00080D70 (0000ms, 34732ms total)
T10B8 1618:757 JLINK_ReadReg(R13 (SP))  returns 0x20084000 (0000ms, 34732ms total)
T10B8 1618:792 JLINK_ReadMemHW(0x00080D70, 0x0004 Bytes, ...) -- CPU_ReadMem(4 bytes @ 0x00080D70) - Data: 08 B5 1E 4B  returns 0x00 (0001ms, 34733ms total)
T10B8 1618:826 JLINK_ReadMemHW(0x000810D8, 0x0001 Bytes, ...) -- CPU_ReadMem(1 bytes @ 0x000810D8) - Data: 2D  returns 0x00 (0001ms, 34734ms total)
T10B8 1618:868 JLINK_ReadReg(R15 (PC))  returns 0x00080D70 (0000ms, 34734ms total)
T10B8 1618:868 JLINK_GetNumBPUnits(Type = 0xFFFFFF02)  returns 0x06 (0000ms, 34734ms total)
T10B8 1618:868 JLINK_SetBPEx(Addr = 0x000810D8, Type = 0xFFFFFF02)  returns 0x00000001 (0000ms, 34734ms total)
T10B8 1618:868 JLINK_GetBPInfo(BPHandle = 1)  returns 0x00 (0000ms, 34734ms total)
T10B8 1618:868 JLINK_Go() -- CPU_ReadMem(4 bytes @ 0xE0001000) -- CPU_WriteMem(4 bytes @ 0xE0002008) -- CPU_WriteMem(4 bytes @ 0xE000200C) -- CPU_WriteMem(4 bytes @ 0xE0002010) -- CPU_WriteMem(4 bytes @ 0xE0002014) -- CPU_WriteMem(4 bytes @ 0xE0002018) -- CPU_WriteMem(4 bytes @ 0xE000201C) -- CPU_WriteMem(4 bytes @ 0xE0001004) (0009ms, 34743ms total)
T0248 1618:877 JLINK_IsHalted()  returns FALSE (0001ms, 34744ms total)
T0248 1618:898 JLINK_IsHalted()  returns TRUE (0003ms, 34747ms total)
T0248 1618:901 JLINK_GetMOEs(...) -- CPU_ReadMem(4 bytes @ 0xE000ED30) -- CPU_WriteMem(4 bytes @ 0xE000ED30)  returns 0x01 (0002ms, 34746ms total)
T0248 1618:903 JLINK_ReadReg(R15 (PC))  returns 0x000810D8 (0000ms, 34746ms total)
T0248 1618:903 JLINK_WriteU32(0xE000EDFC, 0x01000000) -- CPU_WriteMem(4 bytes @ 0xE000EDFC)  returns 0x00 (0001ms, 34747ms total)
T0248 1618:904 JLINK_ReadMem (0xE0001000, 0x0004 Bytes, ...) -- CPU_ReadMem(4 bytes @ 0xE0001000) - Data: 01 00 00 40  returns 0x00 (0001ms, 34748ms total)
T0248 1618:905 JLINK_WriteU32(0xE0001000, 0x40000001)  returns 0x00 (0000ms, 34748ms total)
T0248 1618:905 JLINK_WriteU32(0xE0001028, 0x00000100)  returns 0x00 (0000ms, 34748ms total)
T0248 1618:905 JLINK_ReadMem (0xE0001028, 0x0004 Bytes, ...) -- CPU_WriteMem(4 bytes @ 0xE0001028) -- CPU_ReadMem(4 bytes @ 0xE0001028) - Data: 00 00 00 00  returns 0x00 (0002ms, 34750ms total)
T0248 1618:907 JLINK_WriteU32(0xE0001024, 0x0000001F)  returns 0x00 (0000ms, 34750ms total)
T0248 1618:907 JLINK_ReadMem (0xE0001024, 0x0004 Bytes, ...) -- CPU_WriteMem(4 bytes @ 0xE0001024) -- CPU_ReadMem(4 bytes @ 0xE0001024) - Data: 0F 00 00 00  returns 0x00 (0002ms, 34752ms total)
T0248 1618:909 JLINK_WriteU32(0xE0001038, 0x00000100)  returns 0x00 (0000ms, 34752ms total)
T0248 1618:909 JLINK_ReadMem (0xE0001038, 0x0004 Bytes, ...) -- CPU_WriteMem(4 bytes @ 0xE0001038) -- CPU_ReadMem(4 bytes @ 0xE0001038) - Data: 00 03 00 00  returns 0x00 (0002ms, 34754ms total)
T0248 1618:911 JLINK_WriteU32(0xE0001034, 0x0000001F)  returns 0x00 (0000ms, 34754ms total)
T0248 1618:911 JLINK_ReadMem (0xE0001034, 0x0004 Bytes, ...) -- CPU_WriteMem(4 bytes @ 0xE0001034) -- CPU_ReadMem(4 bytes @ 0xE0001034) - Data: 0F 00 00 00  returns 0x00 (0002ms, 34756ms total)
T0248 1618:913 JLINK_WriteU32(0xE0001048, 0x00000100)  returns 0x00 (0000ms, 34756ms total)
T0248 1618:913 JLINK_ReadMem (0xE0001048, 0x0004 Bytes, ...) -- CPU_WriteMem(4 bytes @ 0xE0001048) -- CPU_ReadMem(4 bytes @ 0xE0001048) - Data: 00 00 00 00  returns 0x00 (0002ms, 34758ms total)
T0248 1618:915 JLINK_WriteU32(0xE0001044, 0x0000001F)  returns 0x00 (0000ms, 34758ms total)
T0248 1618:915 JLINK_ReadMem (0xE0001044, 0x0004 Bytes, ...) -- CPU_WriteMem(4 bytes @ 0xE0001044) -- CPU_ReadMem(4 bytes @ 0xE0001044) - Data: 0F 00 00 00  returns 0x00 (0002ms, 34760ms total)
T0248 1618:917 JLINK_WriteU32(0xE0001058, 0x00000100)  returns 0x00 (0000ms, 34760ms total)
T0248 1618:917 JLINK_ReadMem (0xE0001058, 0x0004 Bytes, ...) -- CPU_WriteMem(4 bytes @ 0xE0001058) -- CPU_ReadMem(4 bytes @ 0xE0001058) - Data: 00 00 00 00  returns 0x00 (0002ms, 34762ms total)
T0248 1618:919 JLINK_WriteU32(0xE0001054, 0x0000001F)  returns 0x00 (0000ms, 34762ms total)
T0248 1618:919 JLINK_ReadMem (0xE0001054, 0x0004 Bytes, ...) -- CPU_WriteMem(4 bytes @ 0xE0001054) -- CPU_ReadMem(4 bytes @ 0xE0001054) - Data: 0F 00 00 00  returns 0x00 (0002ms, 34764ms total)
T0248 1618:921 JLINK_WriteU32(0xE0001020, 0x00000000)  returns 0x00 (0000ms, 34764ms total)
T0248 1618:921 JLINK_WriteU32(0xE0001024, 0x00000000)  returns 0x00 (0000ms, 34764ms total)
T0248 1618:921 JLINK_WriteU32(0xE0001028, 0x00000000)  returns 0x00 (0000ms, 34764ms total)
T0248 1618:921 JLINK_WriteU32(0xE0001030, 0x00000000)  returns 0x00 (0000ms, 34764ms total)
T0248 1618:921 JLINK_WriteU32(0xE0001034, 0x00000000)  returns 0x00 (0000ms, 34764ms total)
T0248 1618:921 JLINK_WriteU32(0xE0001038, 0x00000000)  returns 0x00 (0000ms, 34764ms total)
T0248 1618:921 JLINK_WriteU32(0xE0001040, 0x00000000)  returns 0x00 (0001ms, 34765ms total)
T0248 1618:922 JLINK_WriteU32(0xE0001044, 0x00000000)  returns 0x00 (0000ms, 34765ms total)
T0248 1618:922 JLINK_WriteU32(0xE0001048, 0x00000000)  returns 0x00 (0000ms, 34765ms total)
T0248 1618:922 JLINK_WriteU32(0xE0001050, 0x00000000)  returns 0x00 (0000ms, 34765ms total)
T0248 1618:922 JLINK_WriteU32(0xE0001054, 0x00000000)  returns 0x00 (0000ms, 34765ms total)
T0248 1618:922 JLINK_WriteU32(0xE0001058, 0x00000000)  returns 0x00 (0000ms, 34765ms total)
T0248 1618:922 JLINK_GetBPInfo(BPHandle = 1)  returns 0x00 (0000ms, 34765ms total)
T0248 1618:922 JLINK_ClrBPEx(BPHandle = 0x00000001)  returns 0x00 (0000ms, 34765ms total)
T10B8 1618:927 JLINK_ReadReg(R15 (PC))  returns 0x000810D8 (0000ms, 34765ms total)
T10B8 1618:927 JLINK_ReadReg(R13 (SP))  returns 0x20083FF8 (0000ms, 34765ms total)
T10B8 1618:927 JLINK_ReadMemHW(0x000810D8, 0x0004 Bytes, ...) -- CPU_ReadMem(4 bytes @ 0x000810D8) - Data: 2D E9 F8 43  returns 0x00 (0001ms, 34766ms total)
T10B8 1618:940 JLINK_ReadReg(R15 (PC))  returns 0x000810D8 (0000ms, 34766ms total)
T10B8 1618:940 JLINK_Go() -- CPU_WriteMem(4 bytes @ 0xE0001000) -- CPU_ReadMem(4 bytes @ 0xE0001000) -- CPU_WriteMem(4 bytes @ 0xE0001020) -- CPU_WriteMem(4 bytes @ 0xE0001030) -- CPU_WriteMem(4 bytes @ 0xE0001040) -- CPU_WriteMem(4 bytes @ 0xE0001050) -- CPU_WriteMem(4 bytes @ 0xE0001024) -- CPU_WriteMem(4 bytes @ 0xE0001034) -- CPU_WriteMem(4 bytes @ 0xE0001044) -- CPU_WriteMem(4 bytes @ 0xE0001054) -- CPU_WriteMem(4 bytes @ 0xE0001028) -- CPU_WriteMem(4 bytes @ 0xE0001038)
 -- CPU_WriteMem(4 bytes @ 0xE0001048) -- CPU_WriteMem(4 bytes @ 0xE0001058) -- CPU_WriteMem(4 bytes @ 0xE0002008) (0016ms, 34782ms total)
T0248 1618:956 JLINK_IsHalted()  returns FALSE (0001ms, 34783ms total)
T0248 1618:997 JLINK_IsHalted()  returns FALSE (0000ms, 34782ms total)
T0248 1619:181 JLINK_IsHalted()  returns FALSE (0001ms, 34783ms total)
T0248 1619:382 JLINK_IsHalted()  returns FALSE (0001ms, 34783ms total)
T0248 1619:583 JLINK_IsHalted()  returns FALSE (0000ms, 34782ms total)
T0248 1619:783 JLINK_IsHalted()  returns FALSE (0000ms, 34782ms total)
T0248 1619:983 JLINK_IsHalted()  returns FALSE (0000ms, 34782ms total)
T0248 1620:183 JLINK_IsHalted()  returns FALSE (0000ms, 34782ms total)
T0248 1620:383 JLINK_IsHalted()  returns FALSE (0000ms, 34782ms total)
T0248 1620:583 JLINK_IsHalted()  returns FALSE (0000ms, 34782ms total)
T0248 1620:783 JLINK_IsHalted()  returns FALSE (0000ms, 34782ms total)
T0248 1620:983 JLINK_IsHalted()  returns FALSE (0001ms, 34783ms total)
T0248 1621:184 JLINK_IsHalted()  returns FALSE (0001ms, 34783ms total)
T0248 1621:385 JLINK_IsHalted()  returns FALSE (0000ms, 34782ms total)
T0248 1621:585 JLINK_IsHalted()  returns FALSE (0001ms, 34783ms total)
T0248 1621:786 JLINK_IsHalted()  returns FALSE (0001ms, 34783ms total)
T0248 1621:987 JLINK_IsHalted()  returns FALSE (0000ms, 34782ms total)
T0248 1622:187 JLINK_IsHalted()  returns FALSE (0001ms, 34783ms total)
T0248 1622:388 JLINK_IsHalted()  returns FALSE (0001ms, 34783ms total)
T0248 1622:589 JLINK_IsHalted()  returns FALSE (0001ms, 34783ms total)
T0248 1622:790 JLINK_IsHalted()  returns FALSE (0001ms, 34783ms total)
T0248 1622:991 JLINK_IsHalted()  returns FALSE (0001ms, 34783ms total)
T0248 1623:192 JLINK_IsHalted()  returns FALSE (0001ms, 34783ms total)
T0248 1623:393 JLINK_IsHalted()  returns FALSE (0001ms, 34783ms total)
T0248 1623:594 JLINK_IsHalted()  returns FALSE (0001ms, 34783ms total)
T0248 1623:795 JLINK_IsHalted()  returns FALSE (0001ms, 34783ms total)
T0248 1623:996 JLINK_IsHalted()  returns FALSE (0001ms, 34783ms total)
T0248 1624:197 JLINK_IsHalted()  returns FALSE (0001ms, 34783ms total)
T0248 1624:398 JLINK_IsHalted()  returns FALSE (0001ms, 34783ms total)
T0248 1624:631 JLINK_IsHalted()  returns FALSE (0001ms, 34783ms total)
T0248 1624:832 JLINK_IsHalted()  returns FALSE (0001ms, 34783ms total)
T0248 1625:033 JLINK_IsHalted()  returns FALSE (0001ms, 34783ms total)
T0248 1625:234 JLINK_IsHalted()  returns FALSE (0001ms, 34783ms total)
T0248 1625:435 JLINK_IsHalted()  returns FALSE (0001ms, 34783ms total)
T0248 1625:636 JLINK_IsHalted()  returns FALSE (0001ms, 34784ms total)
T0248 1625:837 JLINK_IsHalted()  returns FALSE (0001ms, 34784ms total)
T0248 1626:038 JLINK_IsHalted()  returns FALSE (0001ms, 34784ms total)
T0248 1626:239 JLINK_IsHalted()  returns FALSE (0001ms, 34784ms total)
T0248 1626:440 JLINK_IsHalted()  returns FALSE (0001ms, 34784ms total)
T0248 1626:641 JLINK_IsHalted()  returns FALSE (0001ms, 34784ms total)
T0248 1626:842 JLINK_IsHalted()  returns FALSE (0001ms, 34784ms total)
T0248 1627:043 JLINK_IsHalted()  returns FALSE (0001ms, 34784ms total)
T0248 1627:244 JLINK_IsHalted()  returns FALSE (0001ms, 34784ms total)
T0248 1627:445 JLINK_IsHalted()  returns FALSE (0001ms, 34784ms total)
T0248 1627:646 JLINK_IsHalted()  returns FALSE (0001ms, 34784ms total)
T0248 1627:847 JLINK_IsHalted()  returns FALSE (0001ms, 34784ms total)
T0248 1628:048 JLINK_IsHalted()  returns FALSE (0001ms, 34784ms total)
T0248 1628:281 JLINK_IsHalted()  returns FALSE (0001ms, 34784ms total)
T0248 1628:482 JLINK_IsHalted()  returns FALSE (0001ms, 34784ms total)
T0248 1628:683 JLINK_IsHalted()  returns FALSE (0001ms, 34784ms total)
T0248 1628:884 JLINK_IsHalted()  returns FALSE (0001ms, 34784ms total)
T0248 1629:085 JLINK_IsHalted()  returns FALSE (0001ms, 34784ms total)
T0248 1629:286 JLINK_IsHalted()  returns FALSE (0001ms, 34784ms total)
T0248 1629:487 JLINK_IsHalted()  returns FALSE (0001ms, 34784ms total)
T10B8 1629:551 JLINK_Halt()  returns 0x00 (0004ms, 34787ms total)
T0248 1629:688 JLINK_IsHalted()  returns TRUE (0000ms, 34787ms total)
T0248 1629:688 JLINK_GetMOEs(...) -- CPU_ReadMem(4 bytes @ 0xE000ED30) -- CPU_WriteMem(4 bytes @ 0xE000ED30)  returns 0x01 (0002ms, 34789ms total)
T0248 1629:690 JLINK_ReadReg(R15 (PC))  returns 0x00080240 (0000ms, 34789ms total)
T1214 1629:691 JLINK_ResetPullsRESET(ON) (0000ms, 34789ms total)
T1214 1629:691 JLINK_ResetNoHalt() >0x2F8 JTAG>TotalIRLen = 4, IRPrint = 0x01 >0x30 JTAG> >0x210 JTAG> >0x70 JTAG> >0x48 JTAG> >0x40 JTAG> >0x48 JTAG> >0x78 JTAG> >0x40 JTAG> >0x30 JTAG> >0x40 JTAG> >0x40 JTAG> >0x30 JTAG> >0x40 JTAG> >0x48 JTAG>Found Cortex-M3 r2p0, Little endian. -- CPU_ReadMem(4 bytes @ 0xE000EDF0) -- CPU_ReadMem(4 bytes @ 0xE0002000)FPUnit: 6 code (BP) slots and 2 literal slots -- CPU_ReadMem(4 bytes @ 0xE0001000) -- CPU_ReadMem(4 bytes @ 0xE000ED88)
 -- CPU_WriteMem(4 bytes @ 0xE000ED88) -- CPU_ReadMem(4 bytes @ 0xE000ED88) -- CPU_WriteMem(4 bytes @ 0xE000ED88)CoreSight components:ROMTbl 0 @ E00FF000 -- CPU_ReadMem(16 bytes @ 0xE00FF000) -- CPU_ReadMem(16 bytes @ 0xE000EFF0) -- CPU_ReadMem(16 bytes @ 0xE000EFE0)ROMTbl 0 [0]: FFF0F000, CID: B105E00D, PID: 002BB000 SCS -- CPU_WriteMem(4 bytes @ 0xE0001000) -- CPU_ReadMem(16 bytes @ 0xE0001FF0) -- CPU_ReadMem(16 bytes @ 0xE0001FE0)ROMTbl 0 [1]: FFF02000, CID: B105E00D, PID: 002BB002 DWT
 -- CPU_ReadMem(16 bytes @ 0xE0002FF0) -- CPU_ReadMem(16 bytes @ 0xE0002FE0)ROMTbl 0 [2]: FFF03000, CID: B105E00D, PID: 002BB003 FPB -- CPU_ReadMem(16 bytes @ 0xE0000FF0) -- CPU_ReadMem(16 bytes @ 0xE0000FE0)ROMTbl 0 [3]: FFF01000, CID: B105E00D, PID: 002BB001 ITM -- CPU_ReadMem(16 bytes @ 0xE00FF010) -- CPU_ReadMem(16 bytes @ 0xE0040FF0) -- CPU_ReadMem(16 bytes @ 0xE0040FE0)ROMTbl 0 [4]: FFF41000, CID: B105900D, PID: 002BB923 TPIU-Lite
                JLINK_Reset() -- CPU_ReadMem(16 bytes @ 0x20000000) -- CPU_WriteMem(16 bytes @ 0x20000000) -- CPU_ReadMem(4 bytes @ 0xE000EDFC) -- CPU_WriteMem(4 bytes @ 0xE000EDFC) -- CPU_ReadMem(4 bytes @ 0xE0001000) -- CPU_WriteMem(4 bytes @ 0xE000ED0C) -- CPU_ReadMem(4 bytes @ 0xE000EDF0) -- CPU_ReadMem(4 bytes @ 0xE000EDF0) -- CPU_WriteMem(4 bytes @ 0xE000EDFC) -- CPU_WriteMem(16 bytes @ 0x20000000) -- CPU_WriteMem(4 bytes @ 0xE0002000) -- CPU_ReadMem(4 bytes @ 0xE000EDFC)
 -- CPU_ReadMem(4 bytes @ 0xE0001000) (0033ms, 0033ms total)
                JLINK_Go() -- CPU_ReadMem(4 bytes @ 0xE0001000) -- CPU_WriteMem(4 bytes @ 0xE0002008) -- CPU_WriteMem(4 bytes @ 0xE000200C) -- CPU_WriteMem(4 bytes @ 0xE0002010) -- CPU_WriteMem(4 bytes @ 0xE0002014) -- CPU_WriteMem(4 bytes @ 0xE0002018) -- CPU_WriteMem(4 bytes @ 0xE000201C) -- CPU_WriteMem(4 bytes @ 0xE0001004) (0009ms, 0042ms total)
               (0079ms, 34868ms total)
T1214 1629:776 JLINK_Close() -- CPU is running -- CPU_WriteMem(4 bytes @ 0xE0002008) -- CPU is running -- CPU_WriteMem(4 bytes @ 0xE000200C) -- CPU is running -- CPU_WriteMem(4 bytes @ 0xE0002010) -- CPU is running -- CPU_WriteMem(4 bytes @ 0xE0002014) -- CPU is running -- CPU_WriteMem(4 bytes @ 0xE0002018) -- CPU is running -- CPU_WriteMem(4 bytes @ 0xE000201C) >0x78 JTAG> >0x08 JTAG> (0012ms, 34880ms total)
T1214 1629:776  (0012ms, 34880ms total)
T1214 1629:776 Closed (0012ms, 34880ms total)
