
T11D0 013:282 SEGGER J-Link V5.12 Log File (0001ms, 0278ms total)
T11D0 013:282 DLL Compiled: Mar 30 2016 17:28:31 (0001ms, 0278ms total)
T11D0 013:282 Logging started @ 2017-12-07 16:26 (0001ms, 0278ms total)
T11D0 013:657 JLINK_ExecCommand("Device = AT91SAM3U4E", ...)Device "ATSAM3U4E" selected.  returns 0x00 (0001ms, 0279ms total)
T11D0 013:693 JLINK_ExecCommand("ProjectFile = D:\pmj_nowe\pmj_JGTK\Flames\jlink.config", ...)  returns 0x00 (0001ms, 0280ms total)
T11D0 014:322 JLINK_ExecCommand("Device = AT91SAM3U4E", ...)Device "ATSAM3U4E" selected.  returns 0x00 (0001ms, 0281ms total)
T11D0 014:323 JLINK_TIF_Select(JLINKARM_TIF_JTAG)  returns 0x00 (0006ms, 0287ms total)
T11D0 014:329 JLINK_GetIdData(...) >0x2F8 JTAG>TotalIRLen = 4, IRPrint = 0x01 >0x30 JTAG> >0x210 JTAG> >0x70 JTAG> >0x48 JTAG> >0x40 JTAG> >0x48 JTAG> >0x78 JTAG> >0x40 JTAG> >0x30 JTAG> >0x40 JTAG> >0x40 JTAG> >0x30 JTAG> >0x40 JTAG> >0x48 JTAG>Found Cortex-M3 r2p0, Little endian. -- CPU_ReadMem(4 bytes @ 0xE000EDF0) -- CPU_ReadMem(4 bytes @ 0xE0002000)FPUnit: 6 code (BP) slots and 2 literal slots -- CPU_ReadMem(4 bytes @ 0xE000EDFC) -- CPU_ReadMem(4 bytes @ 0xE0001000)
 -- CPU_WriteMem(4 bytes @ 0xE0001000) -- CPU_ReadMem(4 bytes @ 0xE000ED88) -- CPU_WriteMem(4 bytes @ 0xE000ED88) -- CPU_ReadMem(4 bytes @ 0xE000ED88) -- CPU_WriteMem(4 bytes @ 0xE000ED88)CoreSight components:ROMTbl 0 @ E00FF000 -- CPU_ReadMem(16 bytes @ 0xE00FF000) -- CPU_ReadMem(16 bytes @ 0xE000EFF0) -- CPU_ReadMem(16 bytes @ 0xE000EFE0)ROMTbl 0 [0]: FFF0F000, CID: B105E00D, PID: 002BB000 SCS -- CPU_ReadMem(16 bytes @ 0xE0001FF0) -- CPU_ReadMem(16 bytes @ 0xE0001FE0)
ROMTbl 0 [1]: FFF02000, CID: B105E00D, PID: 002BB002 DWT -- CPU_ReadMem(16 bytes @ 0xE0002FF0) -- CPU_ReadMem(16 bytes @ 0xE0002FE0)ROMTbl 0 [2]: FFF03000, CID: B105E00D, PID: 002BB003 FPB -- CPU_ReadMem(16 bytes @ 0xE0000FF0) -- CPU_ReadMem(16 bytes @ 0xE0000FE0)ROMTbl 0 [3]: FFF01000, CID: B105E00D, PID: 002BB001 ITM -- CPU_ReadMem(16 bytes @ 0xE00FF010) -- CPU_ReadMem(16 bytes @ 0xE0040FF0) -- CPU_ReadMem(16 bytes @ 0xE0040FE0)ROMTbl 0 [4]: FFF41000, CID: B105900D, PID: 002BB923 TPIU-Lite ScanLen=4
 NumDevices=1 aId[0]=0x4BA00477 aIrRead[0]=0 aScanLen[0]=0 aScanRead[0]=0 (0057ms, 0344ms total)
T11D0 014:386 JLINK_ConfigJTAG(IRPre = 0, DRPre = 0) (0000ms, 0344ms total)
T11D0 014:386 JLINK_SetSpeed(4000) (0001ms, 0345ms total)
T11D0 014:387 JLINK_ResetPullsRESET(OFF) (0000ms, 0345ms total)
T11D0 014:387 JLINK_Connect() >0x2F8 JTAG>TotalIRLen = 4, IRPrint = 0x01 >0x30 JTAG> >0x210 JTAG> >0x70 JTAG> >0x48 JTAG> >0x40 JTAG> >0x48 JTAG> >0x78 JTAG> >0x40 JTAG> >0x30 JTAG> >0x40 JTAG> >0x40 JTAG> >0x30 JTAG> >0x40 JTAG> >0x48 JTAG>Found Cortex-M3 r2p0, Little endian. -- CPU_ReadMem(4 bytes @ 0xE000EDF0) -- CPU_ReadMem(4 bytes @ 0xE0002000)FPUnit: 6 code (BP) slots and 2 literal slots -- CPU_ReadMem(4 bytes @ 0xE000EDFC) -- CPU_ReadMem(4 bytes @ 0xE0001000) -- CPU_WriteMem(4 bytes @ 0xE0001000)
 -- CPU_ReadMem(4 bytes @ 0xE000ED88) -- CPU_WriteMem(4 bytes @ 0xE000ED88) -- CPU_ReadMem(4 bytes @ 0xE000ED88) -- CPU_WriteMem(4 bytes @ 0xE000ED88)CoreSight components:ROMTbl 0 @ E00FF000 -- CPU_ReadMem(16 bytes @ 0xE00FF000) -- CPU_ReadMem(16 bytes @ 0xE000EFF0) -- CPU_ReadMem(16 bytes @ 0xE000EFE0)ROMTbl 0 [0]: FFF0F000, CID: B105E00D, PID: 002BB000 SCS -- CPU_ReadMem(16 bytes @ 0xE0001FF0) -- CPU_ReadMem(16 bytes @ 0xE0001FE0)ROMTbl 0 [1]: FFF02000, CID: B105E00D, PID: 002BB002 DWT
 -- CPU_ReadMem(16 bytes @ 0xE0002FF0) -- CPU_ReadMem(16 bytes @ 0xE0002FE0)ROMTbl 0 [2]: FFF03000, CID: B105E00D, PID: 002BB003 FPB -- CPU_ReadMem(16 bytes @ 0xE0000FF0) -- CPU_ReadMem(16 bytes @ 0xE0000FE0)ROMTbl 0 [3]: FFF01000, CID: B105E00D, PID: 002BB001 ITM -- CPU_ReadMem(16 bytes @ 0xE00FF010) -- CPU_ReadMem(16 bytes @ 0xE0040FF0) -- CPU_ReadMem(16 bytes @ 0xE0040FE0)ROMTbl 0 [4]: FFF41000, CID: B105900D, PID: 002BB923 TPIU-Lite  returns 0x00 (0038ms, 0383ms total)
T11D0 014:426 JLINK_Halt()  returns 0x00 (0004ms, 0387ms total)
T11D0 014:430 JLINK_WriteMem(0x400E0804, 0x0004 Bytes, ...) - Data: 0B 01 00 5A -- CPU_WriteMem(4 bytes @ 0x400E0804)  returns 0x04 (0001ms, 0388ms total)
T11D0 014:431 JLINK_ReadMem (0x400E0808, 0x0004 Bytes, ...) -- CPU_ReadMem(4 bytes @ 0x400E0808) - Data: 01 00 00 00  returns 0x00 (0001ms, 0389ms total)
T11D0 014:432 JLINK_WriteMem(0x400E0804, 0x0004 Bytes, ...) - Data: 0C 02 00 5A -- CPU_WriteMem(4 bytes @ 0x400E0804)  returns 0x04 (0001ms, 0390ms total)
T11D0 014:433 JLINK_ReadMem (0x400E0808, 0x0004 Bytes, ...) -- CPU_ReadMem(4 bytes @ 0x400E0808) - Data: 01 00 00 00  returns 0x00 (0001ms, 0391ms total)
T11D0 014:434 JLINK_Reset() -- CPU_ReadMem(16 bytes @ 0x20000000) -- CPU_WriteMem(16 bytes @ 0x20000000) -- CPU_ReadMem(4 bytes @ 0xE000EDFC) -- CPU_WriteMem(4 bytes @ 0xE000EDFC) -- CPU_ReadMem(4 bytes @ 0xE0001000) -- CPU_WriteMem(4 bytes @ 0xE000ED0C) -- CPU_ReadMem(4 bytes @ 0xE000EDF0) -- CPU_ReadMem(4 bytes @ 0xE000EDF0) -- CPU_WriteMem(4 bytes @ 0xE000EDFC) -- CPU_WriteMem(16 bytes @ 0x20000000) -- CPU_WriteMem(4 bytes @ 0xE0002000) -- CPU_ReadMem(4 bytes @ 0xE000EDFC)
 -- CPU_ReadMem(4 bytes @ 0xE0001000) (0033ms, 0424ms total)
T11D0 014:471 JLINK_JTAG_GetDeviceID(DeviceIndex = 0)  returns 0x4BA00477 (0000ms, 0424ms total)
T11D0 014:471 JLINK_ReadMemU32(0x400E0740, 0x0001 Items, ...) -- CPU_ReadMem(4 bytes @ 0x400E0740) - Data: 60 09 10 28  returns 0x01 (0001ms, 0425ms total)
T11D0 014:472 JLINK_ReadMemU32(0x400E0744, 0x0001 Items, ...) -- CPU_ReadMem(4 bytes @ 0x400E0744) - Data: 00 00 00 00  returns 0x01 (0001ms, 0426ms total)
T11D0 014:473 JLINK_WriteMem(0x400E0804, 0x0004 Bytes, ...) - Data: 05 00 00 5A -- CPU_WriteMem(4 bytes @ 0x400E0804)  returns 0x04 (0001ms, 0427ms total)
T11D0 014:474 JLINK_WriteMem(0x400E0A04, 0x0004 Bytes, ...) - Data: 05 00 00 5A -- CPU_WriteMem(4 bytes @ 0x400E0A04)  returns 0x04 (0001ms, 0428ms total)
T11D0 014:475 JLINK_ReadMem (0x400E0808, 0x0004 Bytes, ...) -- CPU_ReadMem(4 bytes @ 0x400E0808) - Data: 00 00 00 00  returns 0x00 (0001ms, 0429ms total)
T11D0 014:477 JLINK_ReadMem (0x400E0808, 0x0004 Bytes, ...) -- CPU_ReadMem(4 bytes @ 0x400E0808) - Data: 00 00 00 00  returns 0x00 (0001ms, 0430ms total)
T11D0 014:482 JLINK_ReadMem (0x400E0808, 0x0004 Bytes, ...) -- CPU_ReadMem(4 bytes @ 0x400E0808) - Data: 00 00 00 00  returns 0x00 (0001ms, 0431ms total)
T0BEC 014:483 JLINK_IsHalted()  returns TRUE (0000ms, 0431ms total)
T0BEC 014:483 JLINK_GetMOEs(...) -- CPU_ReadMem(4 bytes @ 0xE000ED30) -- CPU_WriteMem(4 bytes @ 0xE000ED30)  returns 0x01 (0002ms, 0433ms total)
T0BEC 014:485 JLINK_ReadReg(R15 (PC))  returns 0x00080DD0 (0000ms, 0433ms total)
T11D0 014:525 JLINK_ReadMem (0x400E0808, 0x0004 Bytes, ...) -- CPU_ReadMem(4 bytes @ 0x400E0808) - Data: 01 00 00 00  returns 0x00 (0001ms, 0434ms total)
T11D0 014:526 JLINK_ReadMem (0x400E0A08, 0x0004 Bytes, ...) -- CPU_ReadMem(4 bytes @ 0x400E0A08) - Data: 01 00 00 00  returns 0x00 (0001ms, 0435ms total)
T0BEC 014:685 JLINK_IsHalted()  returns TRUE (0000ms, 0435ms total)
T11D0 014:686 JLINK_ResetPullsRESET(ON) (0000ms, 0435ms total)
T11D0 014:686 JLINK_ResetNoHalt() >0x2F8 JTAG>TotalIRLen = 4, IRPrint = 0x01 >0x30 JTAG> >0x210 JTAG> >0x70 JTAG> >0x48 JTAG> >0x40 JTAG> >0x48 JTAG> >0x78 JTAG> >0x40 JTAG> >0x30 JTAG> >0x40 JTAG> >0x40 JTAG> >0x30 JTAG> >0x40 JTAG> >0x48 JTAG>Found Cortex-M3 r2p0, Little endian. -- CPU_ReadMem(4 bytes @ 0xE000EDF0) -- CPU_ReadMem(4 bytes @ 0xE0002000)FPUnit: 6 code (BP) slots and 2 literal slots -- CPU_ReadMem(4 bytes @ 0xE000EDFC) -- CPU_ReadMem(4 bytes @ 0xE0001000)
 -- CPU_ReadMem(4 bytes @ 0xE000ED88) -- CPU_WriteMem(4 bytes @ 0xE000ED88) -- CPU_ReadMem(4 bytes @ 0xE000ED88) -- CPU_WriteMem(4 bytes @ 0xE000ED88)CoreSight components:ROMTbl 0 @ E00FF000 -- CPU_ReadMem(16 bytes @ 0xE00FF000) -- CPU_ReadMem(16 bytes @ 0xE000EFF0) -- CPU_ReadMem(16 bytes @ 0xE000EFE0)ROMTbl 0 [0]: FFF0F000, CID: B105E00D, PID: 002BB000 SCS -- CPU_WriteMem(4 bytes @ 0xE0001000) -- CPU_ReadMem(16 bytes @ 0xE0001FF0) -- CPU_ReadMem(16 bytes @ 0xE0001FE0)
ROMTbl 0 [1]: FFF02000, CID: B105E00D, PID: 002BB002 DWT -- CPU_ReadMem(16 bytes @ 0xE0002FF0) -- CPU_ReadMem(16 bytes @ 0xE0002FE0)ROMTbl 0 [2]: FFF03000, CID: B105E00D, PID: 002BB003 FPB -- CPU_ReadMem(16 bytes @ 0xE0000FF0) -- CPU_ReadMem(16 bytes @ 0xE0000FE0)ROMTbl 0 [3]: FFF01000, CID: B105E00D, PID: 002BB001 ITM -- CPU_ReadMem(16 bytes @ 0xE00FF010) -- CPU_ReadMem(16 bytes @ 0xE0040FF0) -- CPU_ReadMem(16 bytes @ 0xE0040FE0)ROMTbl 0 [4]: FFF41000, CID: B105900D, PID: 002BB923 TPIU-Lite
                JLINK_Reset() -- CPU_ReadMem(16 bytes @ 0x20000000) -- CPU_WriteMem(16 bytes @ 0x20000000) -- CPU_ReadMem(4 bytes @ 0xE000EDFC) -- CPU_WriteMem(4 bytes @ 0xE000EDFC) -- CPU_ReadMem(4 bytes @ 0xE0001000) -- CPU_WriteMem(4 bytes @ 0xE0001004) -- CPU_WriteMem(4 bytes @ 0xE000ED0C) -- CPU_ReadMem(4 bytes @ 0xE000EDF0) -- CPU_ReadMem(4 bytes @ 0xE000EDF0) -- CPU_WriteMem(4 bytes @ 0xE000EDFC) -- CPU_WriteMem(16 bytes @ 0x20000000) -- CPU_WriteMem(4 bytes @ 0xE0002000)
 -- CPU_ReadMem(4 bytes @ 0xE000EDFC) -- CPU_ReadMem(4 bytes @ 0xE0001000) (0033ms, 0033ms total)
                JLINK_Go() -- CPU_ReadMem(4 bytes @ 0xE0001000) -- CPU_WriteMem(4 bytes @ 0xE0001004) (0003ms, 0036ms total)
               (0073ms, 0508ms total)
T11D0 014:759 JLINK_ExecCommand("ProjectFile = D:\pmj_nowe\pmj_JGTK\Flames\jlink.config", ...)  returns 0x00 (0001ms, 0509ms total)
T11D0 015:195 JLINK_ExecCommand("Device = AT91SAM3U4E", ...)Device "ATSAM3U4E" selected.  returns 0x00 (0001ms, 0510ms total)
T11D0 015:196 JLINK_TIF_Select(JLINKARM_TIF_JTAG)  returns 0x00 (0000ms, 0510ms total)
T11D0 015:196 JLINK_GetIdData(...) ScanLen=4 NumDevices=1 aId[0]=0x4BA00477 aIrRead[0]=0 aScanLen[0]=0 aScanRead[0]=0 (0000ms, 0510ms total)
T11D0 015:196 JLINK_ConfigJTAG(IRPre = 0, DRPre = 0) (0000ms, 0510ms total)
T11D0 015:196 JLINK_SetSpeed(4000) (0001ms, 0511ms total)
T11D0 015:197 JLINK_ResetPullsRESET(OFF) (0000ms, 0511ms total)
T11D0 015:197 JLINK_Connect() >0x2F8 JTAG>TotalIRLen = 4, IRPrint = 0x01 >0x30 JTAG> >0x210 JTAG> >0x70 JTAG> >0x48 JTAG> >0x40 JTAG> >0x48 JTAG> >0x78 JTAG> >0x40 JTAG> >0x30 JTAG> >0x40 JTAG> >0x40 JTAG> >0x30 JTAG> >0x40 JTAG> >0x48 JTAG>Found Cortex-M3 r2p0, Little endian. -- CPU_ReadMem(4 bytes @ 0xE000EDF0) -- CPU_ReadMem(4 bytes @ 0xE0002000)FPUnit: 6 code (BP) slots and 2 literal slots -- CPU_ReadMem(4 bytes @ 0xE000EDFC) -- CPU_ReadMem(4 bytes @ 0xE0001000) -- CPU_WriteMem(4 bytes @ 0xE0001000)
 -- CPU_ReadMem(4 bytes @ 0xE000ED88) -- CPU_WriteMem(4 bytes @ 0xE000ED88) -- CPU_ReadMem(4 bytes @ 0xE000ED88) -- CPU_WriteMem(4 bytes @ 0xE000ED88)CoreSight components:ROMTbl 0 @ E00FF000 -- CPU_ReadMem(16 bytes @ 0xE00FF000) -- CPU_ReadMem(16 bytes @ 0xE000EFF0) -- CPU_ReadMem(16 bytes @ 0xE000EFE0)ROMTbl 0 [0]: FFF0F000, CID: B105E00D, PID: 002BB000 SCS -- CPU_ReadMem(16 bytes @ 0xE0001FF0) -- CPU_ReadMem(16 bytes @ 0xE0001FE0)ROMTbl 0 [1]: FFF02000, CID: B105E00D, PID: 002BB002 DWT
 -- CPU_ReadMem(16 bytes @ 0xE0002FF0) -- CPU_ReadMem(16 bytes @ 0xE0002FE0)ROMTbl 0 [2]: FFF03000, CID: B105E00D, PID: 002BB003 FPB -- CPU_ReadMem(16 bytes @ 0xE0000FF0) -- CPU_ReadMem(16 bytes @ 0xE0000FE0)ROMTbl 0 [3]: FFF01000, CID: B105E00D, PID: 002BB001 ITM -- CPU_ReadMem(16 bytes @ 0xE00FF010) -- CPU_ReadMem(16 bytes @ 0xE0040FF0) -- CPU_ReadMem(16 bytes @ 0xE0040FE0)ROMTbl 0 [4]: FFF41000, CID: B105900D, PID: 002BB923 TPIU-Lite  returns 0x00 (0038ms, 0549ms total)
T11D0 015:235 JLINK_Halt()  returns 0x00 (0004ms, 0553ms total)
T11D0 015:239 JLINK_WriteMem(0x400E0804, 0x0004 Bytes, ...) - Data: 0B 01 00 5A -- CPU_WriteMem(4 bytes @ 0x400E0804)  returns 0x04 (0001ms, 0554ms total)
T11D0 015:240 JLINK_ReadMem (0x400E0808, 0x0004 Bytes, ...) -- CPU_ReadMem(4 bytes @ 0x400E0808) - Data: 01 00 00 00  returns 0x00 (0001ms, 0555ms total)
T11D0 015:241 JLINK_WriteMem(0x400E0804, 0x0004 Bytes, ...) - Data: 0C 02 00 5A -- CPU_WriteMem(4 bytes @ 0x400E0804)  returns 0x04 (0001ms, 0556ms total)
T11D0 015:242 JLINK_ReadMem (0x400E0808, 0x0004 Bytes, ...) -- CPU_ReadMem(4 bytes @ 0x400E0808) - Data: 01 00 00 00  returns 0x00 (0001ms, 0557ms total)
T11D0 015:243 JLINK_Reset() -- CPU_ReadMem(16 bytes @ 0x20000000) -- CPU_WriteMem(16 bytes @ 0x20000000) -- CPU_ReadMem(4 bytes @ 0xE000EDFC) -- CPU_WriteMem(4 bytes @ 0xE000EDFC) -- CPU_ReadMem(4 bytes @ 0xE0001000) -- CPU_WriteMem(4 bytes @ 0xE000ED0C) -- CPU_ReadMem(4 bytes @ 0xE000EDF0) -- CPU_ReadMem(4 bytes @ 0xE000EDF0) -- CPU_WriteMem(4 bytes @ 0xE000EDFC) -- CPU_WriteMem(16 bytes @ 0x20000000) -- CPU_WriteMem(4 bytes @ 0xE0002000) -- CPU_ReadMem(4 bytes @ 0xE000EDFC)
 -- CPU_ReadMem(4 bytes @ 0xE0001000) (0032ms, 0589ms total)
T11D0 015:278 JLINK_JTAG_GetDeviceID(DeviceIndex = 0)  returns 0x4BA00477 (0000ms, 0589ms total)
T11D0 015:278 JLINK_ReadMemU32(0x400E0740, 0x0001 Items, ...) -- CPU_ReadMem(4 bytes @ 0x400E0740) - Data: 60 09 10 28  returns 0x01 (0001ms, 0590ms total)
T11D0 015:279 JLINK_ReadMemU32(0x400E0744, 0x0001 Items, ...) -- CPU_ReadMem(4 bytes @ 0x400E0744) - Data: 00 00 00 00  returns 0x01 (0001ms, 0591ms total)
T11D0 015:284 JLINK_BeginDownload(Flags = 0x00) (0000ms, 0591ms total)
T11D0 015:284 JLINK_WriteMem(0x00080000, 0x3854 Bytes, ...) - Data: 00 40 08 20 D1 0D 08 00 CD 0D 08 00 CD 0D 08 00 ...  returns 0x3854 (0001ms, 0592ms total)
T11D0 015:285 JLINK_WriteMem(0x00083854, 0x0548 Bytes, ...) - Data: 4F F4 80 63 21 4A 13 60 02 F5 00 72 13 60 03 F1 ...  returns 0x548 (0000ms, 0592ms total)
T124C 015:286 JLINK_IsHalted()  returns TRUE (0000ms, 0592ms total)
T124C 015:286 JLINK_GetMOEs(...) -- CPU_ReadMem(4 bytes @ 0xE000ED30) -- CPU_WriteMem(4 bytes @ 0xE000ED30)  returns 0x01 (0002ms, 0594ms total)
T124C 015:288 JLINK_ReadReg(R15 (PC)) -- -------------------------------------- -- Start of determining dirty areas in flash cache -- End of determining dirty areas -- Start of preparing flash programming -- Calculating RAM usage -- RAM usage = 2796 Bytes -- Preserving CPU registers -- Preparing memory -- Determining CPU clock frequency -- CPU clock frequency: 3899 kHz -- CPU frequency = 3899 kHz -- Preparing target -- Downloading RAMCode -- Checking target RAM -- Preparing RAMCode
 -- End of preparing flash programmingCPU is running at low speed (3899 kHz). -- CPU is running at 3899 kHz. -- Start of comparing flash -- Read back was estimated as fastest method -- Comparing range 0x80000 - 0x83DFF (62 Sectors, 15 KB), using multi-block CRC calculation -- CPU is running -- CPU_ReadMem(256 bytes @ 0x00080000) -- CPU is running -- CPU_ReadMem(256 bytes @ 0x00080100) -- CPU is running -- CPU_ReadMem(256 bytes @ 0x00080200) -- CPU is running -- CPU_ReadMem(256 bytes @ 0x00080300)
 -- CPU is running -- CPU_ReadMem(256 bytes @ 0x00080400) -- CPU is running -- CPU_ReadMem(256 bytes @ 0x00080500) -- CPU is running -- CPU_ReadMem(256 bytes @ 0x00080600) -- CPU is running -- CPU_ReadMem(256 bytes @ 0x00080700) -- CPU is running -- CPU_ReadMem(256 bytes @ 0x00080800) -- CPU is running -- CPU_ReadMem(256 bytes @ 0x00080900) -- CPU is running -- CPU_ReadMem(256 bytes @ 0x00080A00) -- CPU is running -- CPU_ReadMem(256 bytes @ 0x00080B00) -- CPU is running
 -- CPU_ReadMem(256 bytes @ 0x00080C00) -- CPU is running -- CPU_ReadMem(256 bytes @ 0x00080D00) -- CPU is running -- CPU_ReadMem(256 bytes @ 0x00080E00) -- CPU is running -- CPU_ReadMem(256 bytes @ 0x00080F00) -- CPU is running -- CPU_ReadMem(256 bytes @ 0x00081000) -- CPU is running -- CPU_ReadMem(256 bytes @ 0x00081100) -- CPU is running -- CPU_ReadMem(256 bytes @ 0x00081200) -- CPU is running -- CPU_ReadMem(256 bytes @ 0x00081300) -- CPU is running -- CPU_ReadMem(256 bytes @ 0x00081400)
 -- CPU is running -- CPU_ReadMem(256 bytes @ 0x00081500) -- CPU is running -- CPU_ReadMem(256 bytes @ 0x00081600) -- CPU is running -- CPU_ReadMem(256 bytes @ 0x00081700) -- CPU is running -- CPU_ReadMem(256 bytes @ 0x00081800) -- CPU is running -- CPU_ReadMem(256 bytes @ 0x00081900) -- CPU is running -- CPU_ReadMem(256 bytes @ 0x00081A00) -- CPU is running -- CPU_ReadMem(256 bytes @ 0x00081B00) -- CPU is running -- CPU_ReadMem(256 bytes @ 0x00081C00) -- CPU is running
 -- CPU_ReadMem(256 bytes @ 0x00081D00) -- CPU is running -- CPU_ReadMem(256 bytes @ 0x00081E00) -- CPU is running -- CPU_ReadMem(256 bytes @ 0x00081F00) -- CPU is running -- CPU_ReadMem(256 bytes @ 0x00082000) -- CPU is running -- CPU_ReadMem(256 bytes @ 0x00082100) -- CPU is running -- CPU_ReadMem(256 bytes @ 0x00082200) -- CPU is running -- CPU_ReadMem(256 bytes @ 0x00082300) -- CPU is running -- CPU_ReadMem(256 bytes @ 0x00082400) -- CPU is running -- CPU_ReadMem(256 bytes @ 0x00082500)
 -- CPU is running -- CPU_ReadMem(256 bytes @ 0x00082600) -- CPU is running -- CPU_ReadMem(256 bytes @ 0x00082700) -- CPU is running -- CPU_ReadMem(256 bytes @ 0x00082800) -- CPU is running -- CPU_ReadMem(256 bytes @ 0x00082900) -- CPU is running -- CPU_ReadMem(256 bytes @ 0x00082A00) -- CPU is running -- CPU_ReadMem(256 bytes @ 0x00082B00) -- CPU is running -- CPU_ReadMem(256 bytes @ 0x00082C00) -- CPU is running -- CPU_ReadMem(256 bytes @ 0x00082D00) -- CPU is running
 -- CPU_ReadMem(256 bytes @ 0x00082E00) -- CPU is running -- CPU_ReadMem(256 bytes @ 0x00082F00) -- CPU is running -- CPU_ReadMem(256 bytes @ 0x00083000) -- CPU is running -- CPU_ReadMem(256 bytes @ 0x00083100) -- CPU is running -- CPU_ReadMem(256 bytes @ 0x00083200) -- CPU is running -- CPU_ReadMem(256 bytes @ 0x00083300) -- CPU is running -- CPU_ReadMem(256 bytes @ 0x00083400) -- CPU is running -- CPU_ReadMem(256 bytes @ 0x00083500) -- CPU is running -- CPU_ReadMem(256 bytes @ 0x00083600)
 -- CPU is running -- CPU_ReadMem(256 bytes @ 0x00083700) -- CPU is running -- CPU_ReadMem(256 bytes @ 0x00083800) -- CPU is running -- CPU_ReadMem(256 bytes @ 0x00083900) -- CPU is running -- CPU_ReadMem(256 bytes @ 0x00083A00) -- CPU is running -- CPU_ReadMem(256 bytes @ 0x00083B00) -- CPU is running -- CPU_ReadMem(256 bytes @ 0x00083C00) -- CPU is running -- CPU_ReadMem(256 bytes @ 0x00083D00) -- CRC does not match for sectors 0-61 -- End of comparing flash -- Start of erasing sectors
 -- End of erasing sectors -- Start of flash programming -- Programming range 0x00080000 - 0x00081FFF (032 Sectors, 8 KB) -- Programming range 0x00082000 - 0x00083DFF (030 Sectors, 7 KB) -- End of flash programming -- 0x80000 - 0x83DFF (062 Sectors, 15 KB) -- Start of verifying flash -- Checksum calculation was estimated as fastest method -- End of verifying flash -- Start of restoring -- Restore RAMCode -- Restore content of target memory -- Restore target -- Restore memory -- Restoring CPU registers
 -- End of restoring -- Flash programming performed for 1 range (15872 bytes) -- Total time needed: 0.558s (Prepare: 0.094s, Compare: 0.191s, Erase: 0.000s, Program: 0.255s, Verify: 0.010s, Restore: 0.007s)  returns 0xFFFFFFFE (0560ms, 1154ms total)
T11D0 015:849 JLINK_EndDownload()  returns 0x00 (0000ms, 1154ms total)
T0C08 015:926 JLINK_Halt()  returns 0x00 (0001ms, 1155ms total)
T0C08 015:927 JLINK_ReadReg(R15 (PC))  returns 0xFFFFFFFE (0000ms, 1155ms total)
T0C08 015:927 JLINK_ReadReg(R13 (SP))  returns 0xFFFFFFFC (0000ms, 1155ms total)
T0C08 015:991 JLINK_ReadReg(R0)  returns 0x400E1200 (0000ms, 1155ms total)
T0C08 015:991 JLINK_ReadReg(R1)  returns 0x00000000 (0000ms, 1155ms total)
T0C08 015:991 JLINK_ReadReg(R2)  returns 0xA5000004 (0000ms, 1155ms total)
T0C08 015:991 JLINK_ReadReg(R3)  returns 0x200005A4 (0000ms, 1155ms total)
T0C08 015:991 JLINK_ReadReg(R4)  returns 0x00000020 (0000ms, 1155ms total)
T0C08 015:991 JLINK_ReadReg(R5)  returns 0x0000FFFF (0000ms, 1155ms total)
T0C08 015:991 JLINK_ReadReg(R6)  returns 0x000000F0 (0000ms, 1155ms total)
T0C08 015:991 JLINK_ReadReg(R7)  returns 0x20000564 (0000ms, 1155ms total)
T0C08 015:991 JLINK_ReadReg(R8)  returns 0x00012C00 (0000ms, 1155ms total)
T0C08 015:991 JLINK_ReadReg(R9)  returns 0x200007D4 (0000ms, 1155ms total)
T0C08 015:991 JLINK_ReadReg(R10)  returns 0x124BA3B3 (0000ms, 1155ms total)
T0C08 015:991 JLINK_ReadReg(R11)  returns 0x404E1B5E (0000ms, 1155ms total)
T0C08 015:991 JLINK_ReadReg(R12)  returns 0x00000007 (0000ms, 1155ms total)
T0C08 015:991 JLINK_ReadReg(R13 (SP))  returns 0xFFFFFFFC (0000ms, 1155ms total)
T0C08 015:991 JLINK_ReadReg(R14)  returns 0xFFFFFFFF (0000ms, 1155ms total)
T0C08 015:991 JLINK_ReadReg(R15 (PC))  returns 0xFFFFFFFE (0000ms, 1155ms total)
T0C08 015:991 JLINK_ReadReg(XPSR)  returns 0x01000000 (0000ms, 1155ms total)
T0C08 015:991 JLINK_ReadReg(MSP)  returns 0xFFFFFFFC (0000ms, 1155ms total)
T0C08 015:991 JLINK_ReadReg(PSP)  returns 0xC009012C (0000ms, 1155ms total)
T0C08 015:991 JLINK_ReadReg(PRIMASK)  returns 0x00000000 (0000ms, 1155ms total)
T0C08 015:991 JLINK_ReadReg(BASEPRI)  returns 0x00000000 (0000ms, 1155ms total)
T0C08 015:991 JLINK_ReadReg(FAULTMASK)  returns 0x00000000 (0000ms, 1155ms total)
T0C08 015:991 JLINK_ReadReg(CONTROL)  returns 0x00000000 (0000ms, 1155ms total)
T0C08 016:043 JLINK_Reset() -- CPU_ReadMem(16 bytes @ 0x20000000) -- CPU_WriteMem(16 bytes @ 0x20000000) -- CPU_ReadMem(4 bytes @ 0xE000EDFC) -- CPU_WriteMem(4 bytes @ 0xE000EDFC) -- CPU_ReadMem(4 bytes @ 0xE0001000) -- CPU_WriteMem(4 bytes @ 0xE000ED0C) -- CPU_ReadMem(4 bytes @ 0xE000EDF0) -- CPU_ReadMem(4 bytes @ 0xE000EDF0) -- CPU_WriteMem(4 bytes @ 0xE000EDFC) -- CPU_WriteMem(16 bytes @ 0x20000000) -- CPU_WriteMem(4 bytes @ 0xE0002000) -- CPU_ReadMem(4 bytes @ 0xE000EDFC)
 -- CPU_ReadMem(4 bytes @ 0xE0001000) (0033ms, 1188ms total)
T124C 016:076 JLINK_IsHalted()  returns TRUE (0000ms, 1188ms total)
T124C 016:076 JLINK_GetMOEs(...) -- CPU_ReadMem(4 bytes @ 0xE000ED30) -- CPU_WriteMem(4 bytes @ 0xE000ED30)  returns 0x01 (0002ms, 1190ms total)
T124C 016:078 JLINK_ReadReg(R15 (PC))  returns 0x00080DD0 (0000ms, 1190ms total)
T0C08 016:086 JLINK_ReadReg(R15 (PC))  returns 0x00080DD0 (0000ms, 1190ms total)
T0C08 016:086 JLINK_ReadReg(R13 (SP))  returns 0x20084000 (0000ms, 1190ms total)
T0C08 016:122 JLINK_ReadMemHW(0x00080DD0, 0x0004 Bytes, ...) -- CPU_ReadMem(4 bytes @ 0x00080DD0) - Data: 08 B5 1E 4B  returns 0x00 (0001ms, 1191ms total)
T124C 016:278 JLINK_IsHalted()  returns TRUE (0000ms, 1191ms total)
T0C08 016:365 JLINK_ReadMemHW(0x000817E4, 0x0001 Bytes, ...) -- CPU_ReadMem(1 bytes @ 0x000817E4) - Data: 80  returns 0x00 (0001ms, 1192ms total)
T0C08 016:428 JLINK_ReadReg(R15 (PC))  returns 0x00080DD0 (0000ms, 1192ms total)
T0C08 016:428 JLINK_GetNumBPUnits(Type = 0xFFFFFF02)  returns 0x06 (0000ms, 1192ms total)
T0C08 016:428 JLINK_SetBPEx(Addr = 0x000817E4, Type = 0xFFFFFF02)  returns 0x00000001 (0000ms, 1192ms total)
T0C08 016:428 JLINK_GetBPInfo(BPHandle = 1)  returns 0x00 (0000ms, 1192ms total)
T0C08 016:428 JLINK_Go() -- CPU_ReadMem(4 bytes @ 0xE0001000) -- CPU_WriteMem(4 bytes @ 0xE0002008) -- CPU_WriteMem(4 bytes @ 0xE000200C) -- CPU_WriteMem(4 bytes @ 0xE0002010) -- CPU_WriteMem(4 bytes @ 0xE0002014) -- CPU_WriteMem(4 bytes @ 0xE0002018) -- CPU_WriteMem(4 bytes @ 0xE000201C) -- CPU_WriteMem(4 bytes @ 0xE0001004) (0009ms, 1201ms total)
T124C 016:437 JLINK_IsHalted()  returns TRUE (0004ms, 1205ms total)
T124C 016:441 JLINK_GetMOEs(...) -- CPU_ReadMem(4 bytes @ 0xE000ED30) -- CPU_WriteMem(4 bytes @ 0xE000ED30)  returns 0x01 (0002ms, 1203ms total)
T124C 016:443 JLINK_ReadReg(R15 (PC))  returns 0x000817E4 (0000ms, 1203ms total)
T124C 016:443 JLINK_WriteU32(0xE000EDFC, 0x01000000) -- CPU_WriteMem(4 bytes @ 0xE000EDFC)  returns 0x00 (0001ms, 1204ms total)
T124C 016:444 JLINK_ReadMem (0xE0001000, 0x0004 Bytes, ...) -- CPU_ReadMem(4 bytes @ 0xE0001000) - Data: 01 00 00 40  returns 0x00 (0001ms, 1205ms total)
T124C 016:445 JLINK_WriteU32(0xE0001000, 0x40000001)  returns 0x00 (0000ms, 1205ms total)
T124C 016:445 JLINK_WriteU32(0xE0001028, 0x00000100)  returns 0x00 (0000ms, 1205ms total)
T124C 016:445 JLINK_ReadMem (0xE0001028, 0x0004 Bytes, ...) -- CPU_WriteMem(4 bytes @ 0xE0001028) -- CPU_ReadMem(4 bytes @ 0xE0001028) - Data: 00 00 00 00  returns 0x00 (0002ms, 1207ms total)
T124C 016:447 JLINK_WriteU32(0xE0001024, 0x0000001F)  returns 0x00 (0000ms, 1207ms total)
T124C 016:447 JLINK_ReadMem (0xE0001024, 0x0004 Bytes, ...) -- CPU_WriteMem(4 bytes @ 0xE0001024) -- CPU_ReadMem(4 bytes @ 0xE0001024) - Data: 0F 00 00 00  returns 0x00 (0002ms, 1209ms total)
T124C 016:449 JLINK_WriteU32(0xE0001038, 0x00000100)  returns 0x00 (0000ms, 1209ms total)
T124C 016:449 JLINK_ReadMem (0xE0001038, 0x0004 Bytes, ...) -- CPU_WriteMem(4 bytes @ 0xE0001038) -- CPU_ReadMem(4 bytes @ 0xE0001038) - Data: 00 03 00 00  returns 0x00 (0002ms, 1211ms total)
T124C 016:451 JLINK_WriteU32(0xE0001034, 0x0000001F)  returns 0x00 (0000ms, 1211ms total)
T124C 016:451 JLINK_ReadMem (0xE0001034, 0x0004 Bytes, ...) -- CPU_WriteMem(4 bytes @ 0xE0001034) -- CPU_ReadMem(4 bytes @ 0xE0001034) - Data: 0F 00 00 00  returns 0x00 (0002ms, 1213ms total)
T124C 016:453 JLINK_WriteU32(0xE0001048, 0x00000100)  returns 0x00 (0000ms, 1213ms total)
T124C 016:453 JLINK_ReadMem (0xE0001048, 0x0004 Bytes, ...) -- CPU_WriteMem(4 bytes @ 0xE0001048) -- CPU_ReadMem(4 bytes @ 0xE0001048) - Data: 00 00 00 00  returns 0x00 (0002ms, 1215ms total)
T124C 016:455 JLINK_WriteU32(0xE0001044, 0x0000001F)  returns 0x00 (0000ms, 1215ms total)
T124C 016:455 JLINK_ReadMem (0xE0001044, 0x0004 Bytes, ...) -- CPU_WriteMem(4 bytes @ 0xE0001044) -- CPU_ReadMem(4 bytes @ 0xE0001044) - Data: 0F 00 00 00  returns 0x00 (0002ms, 1217ms total)
T124C 016:457 JLINK_WriteU32(0xE0001058, 0x00000100)  returns 0x00 (0000ms, 1217ms total)
T124C 016:457 JLINK_ReadMem (0xE0001058, 0x0004 Bytes, ...) -- CPU_WriteMem(4 bytes @ 0xE0001058) -- CPU_ReadMem(4 bytes @ 0xE0001058) - Data: 00 00 00 00  returns 0x00 (0002ms, 1219ms total)
T124C 016:459 JLINK_WriteU32(0xE0001054, 0x0000001F)  returns 0x00 (0000ms, 1219ms total)
T124C 016:459 JLINK_ReadMem (0xE0001054, 0x0004 Bytes, ...) -- CPU_WriteMem(4 bytes @ 0xE0001054) -- CPU_ReadMem(4 bytes @ 0xE0001054) - Data: 0F 00 00 00  returns 0x00 (0002ms, 1221ms total)
T124C 016:461 JLINK_WriteU32(0xE0001020, 0x00000000)  returns 0x00 (0000ms, 1221ms total)
T124C 016:461 JLINK_WriteU32(0xE0001024, 0x00000000)  returns 0x00 (0000ms, 1221ms total)
T124C 016:461 JLINK_WriteU32(0xE0001028, 0x00000000)  returns 0x00 (0000ms, 1221ms total)
T124C 016:461 JLINK_WriteU32(0xE0001030, 0x00000000)  returns 0x00 (0000ms, 1221ms total)
T124C 016:461 JLINK_WriteU32(0xE0001034, 0x00000000)  returns 0x00 (0000ms, 1221ms total)
T124C 016:461 JLINK_WriteU32(0xE0001038, 0x00000000)  returns 0x00 (0000ms, 1221ms total)
T124C 016:461 JLINK_WriteU32(0xE0001040, 0x00000000)  returns 0x00 (0000ms, 1221ms total)
T124C 016:461 JLINK_WriteU32(0xE0001044, 0x00000000)  returns 0x00 (0000ms, 1221ms total)
T124C 016:461 JLINK_WriteU32(0xE0001048, 0x00000000)  returns 0x00 (0000ms, 1221ms total)
T124C 016:461 JLINK_WriteU32(0xE0001050, 0x00000000)  returns 0x00 (0000ms, 1221ms total)
T124C 016:461 JLINK_WriteU32(0xE0001054, 0x00000000)  returns 0x00 (0000ms, 1221ms total)
T124C 016:461 JLINK_WriteU32(0xE0001058, 0x00000000)  returns 0x00 (0000ms, 1221ms total)
T124C 016:461 JLINK_GetBPInfo(BPHandle = 1)  returns 0x00 (0000ms, 1221ms total)
T124C 016:461 JLINK_ClrBPEx(BPHandle = 0x00000001)  returns 0x00 (0000ms, 1221ms total)
T0C08 016:467 JLINK_ReadReg(R15 (PC))  returns 0x000817E4 (0000ms, 1221ms total)
T0C08 016:467 JLINK_ReadReg(R13 (SP))  returns 0x20083FF8 (0000ms, 1221ms total)
T0C08 016:467 JLINK_ReadMemHW(0x000817E4, 0x0004 Bytes, ...) -- CPU_ReadMem(4 bytes @ 0x000817E4) - Data: 80 B5 4F F4  returns 0x00 (0001ms, 1222ms total)
T0C08 016:480 JLINK_ReadReg(R15 (PC))  returns 0x000817E4 (0000ms, 1222ms total)
T0C08 016:480 JLINK_Go() -- CPU_WriteMem(4 bytes @ 0xE0001000) -- CPU_ReadMem(4 bytes @ 0xE0001000) -- CPU_WriteMem(4 bytes @ 0xE0001020) -- CPU_WriteMem(4 bytes @ 0xE0001030) -- CPU_WriteMem(4 bytes @ 0xE0001040) -- CPU_WriteMem(4 bytes @ 0xE0001050) -- CPU_WriteMem(4 bytes @ 0xE0001024) -- CPU_WriteMem(4 bytes @ 0xE0001034) -- CPU_WriteMem(4 bytes @ 0xE0001044) -- CPU_WriteMem(4 bytes @ 0xE0001054) -- CPU_WriteMem(4 bytes @ 0xE0001028) -- CPU_WriteMem(4 bytes @ 0xE0001038)
 -- CPU_WriteMem(4 bytes @ 0xE0001048) -- CPU_WriteMem(4 bytes @ 0xE0001058) -- CPU_WriteMem(4 bytes @ 0xE0002008) (0016ms, 1238ms total)
T124C 016:496 JLINK_IsHalted()  returns FALSE (0001ms, 1239ms total)
T124C 016:537 JLINK_IsHalted()  returns FALSE (0000ms, 1238ms total)
T124C 016:725 JLINK_IsHalted()  returns FALSE (0001ms, 1239ms total)
T124C 016:926 JLINK_IsHalted()  returns FALSE (0001ms, 1239ms total)
T124C 017:127 JLINK_IsHalted()  returns FALSE (0001ms, 1239ms total)
T124C 017:328 JLINK_IsHalted()  returns FALSE (0001ms, 1240ms total)
T124C 017:529 JLINK_IsHalted()  returns FALSE (0001ms, 1240ms total)
T124C 017:730 JLINK_IsHalted()  returns FALSE (0001ms, 1240ms total)
T124C 017:931 JLINK_IsHalted()  returns FALSE (0001ms, 1240ms total)
T124C 018:132 JLINK_IsHalted()  returns FALSE (0001ms, 1240ms total)
T124C 018:333 JLINK_IsHalted()  returns FALSE (0001ms, 1240ms total)
T124C 018:534 JLINK_IsHalted()  returns FALSE (0001ms, 1240ms total)
T124C 018:735 JLINK_IsHalted()  returns FALSE (0001ms, 1240ms total)
T124C 018:936 JLINK_IsHalted()  returns FALSE (0001ms, 1240ms total)
T124C 019:137 JLINK_IsHalted()  returns FALSE (0001ms, 1240ms total)
T124C 019:338 JLINK_IsHalted()  returns FALSE (0001ms, 1240ms total)
T124C 019:539 JLINK_IsHalted()  returns FALSE (0001ms, 1240ms total)
T124C 019:740 JLINK_IsHalted()  returns FALSE (0001ms, 1240ms total)
T124C 019:941 JLINK_IsHalted()  returns FALSE (0001ms, 1240ms total)
T124C 020:142 JLINK_IsHalted()  returns FALSE (0001ms, 1240ms total)
T124C 020:375 JLINK_IsHalted()  returns FALSE (0001ms, 1240ms total)
T124C 020:576 JLINK_IsHalted()  returns FALSE (0001ms, 1240ms total)
T124C 020:777 JLINK_IsHalted()  returns FALSE (0001ms, 1240ms total)
T124C 020:978 JLINK_IsHalted()  returns FALSE (0001ms, 1240ms total)
T124C 021:179 JLINK_IsHalted()  returns FALSE (0001ms, 1240ms total)
T124C 021:380 JLINK_IsHalted()  returns FALSE (0001ms, 1240ms total)
T124C 021:581 JLINK_IsHalted()  returns FALSE (0001ms, 1240ms total)
T124C 021:799 JLINK_IsHalted()  returns FALSE (0001ms, 1240ms total)
T124C 022:025 JLINK_IsHalted()  returns FALSE (0001ms, 1240ms total)
T124C 022:226 JLINK_IsHalted()  returns FALSE (0001ms, 1240ms total)
T124C 022:427 JLINK_IsHalted()  returns FALSE (0001ms, 1240ms total)
T124C 022:628 JLINK_IsHalted()  returns FALSE (0001ms, 1240ms total)
T124C 022:829 JLINK_IsHalted()  returns FALSE (0001ms, 1240ms total)
T124C 023:030 JLINK_IsHalted()  returns FALSE (0001ms, 1240ms total)
T124C 023:231 JLINK_IsHalted()  returns FALSE (0001ms, 1240ms total)
T124C 023:432 JLINK_IsHalted()  returns FALSE (0001ms, 1240ms total)
T124C 023:633 JLINK_IsHalted()  returns FALSE (0001ms, 1240ms total)
T124C 023:834 JLINK_IsHalted()  returns FALSE (0001ms, 1240ms total)
T124C 024:075 JLINK_IsHalted()  returns FALSE (0001ms, 1240ms total)
T124C 024:276 JLINK_IsHalted()  returns FALSE (0001ms, 1240ms total)
T124C 024:477 JLINK_IsHalted()  returns FALSE (0001ms, 1240ms total)
T124C 024:678 JLINK_IsHalted()  returns FALSE (0001ms, 1240ms total)
T124C 024:883 JLINK_IsHalted()  returns FALSE (0002ms, 1241ms total)
T124C 025:095 JLINK_IsHalted()  returns FALSE (0001ms, 1240ms total)
T124C 025:324 JLINK_IsHalted()  returns FALSE (0000ms, 1239ms total)
T124C 025:528 JLINK_IsHalted()  returns FALSE (0000ms, 1239ms total)
T124C 025:738 JLINK_IsHalted()  returns FALSE (0000ms, 1239ms total)
T124C 025:938 JLINK_IsHalted()  returns FALSE (0000ms, 1239ms total)
T124C 026:149 JLINK_IsHalted()  returns FALSE (0000ms, 1239ms total)
T124C 026:376 JLINK_IsHalted()  returns FALSE (0000ms, 1239ms total)
T124C 026:576 JLINK_IsHalted()  returns FALSE (0000ms, 1239ms total)
T124C 026:779 JLINK_IsHalted()  returns FALSE (0000ms, 1239ms total)
T124C 026:979 JLINK_IsHalted()  returns FALSE (0000ms, 1239ms total)
T124C 027:195 JLINK_IsHalted()  returns FALSE (0000ms, 1239ms total)
T124C 027:424 JLINK_IsHalted()  returns FALSE (0000ms, 1239ms total)
T124C 027:624 JLINK_IsHalted()  returns FALSE (0000ms, 1239ms total)
T124C 027:827 JLINK_IsHalted()  returns FALSE (0001ms, 1240ms total)
T124C 028:028 JLINK_IsHalted()  returns FALSE (0000ms, 1239ms total)
T124C 028:228 JLINK_IsHalted()  returns FALSE (0000ms, 1239ms total)
T124C 028:428 JLINK_IsHalted()  returns FALSE (0000ms, 1239ms total)
T124C 028:628 JLINK_IsHalted()  returns FALSE (0000ms, 1239ms total)
T124C 028:828 JLINK_IsHalted()  returns FALSE (0000ms, 1239ms total)
T0C08 029:032 JLINK_Halt()  returns 0x00 (0004ms, 1243ms total)
T124C 029:037 JLINK_IsHalted()  returns TRUE (0000ms, 1243ms total)
T124C 029:037 JLINK_GetMOEs(...) -- CPU_ReadMem(4 bytes @ 0xE000ED30) -- CPU_WriteMem(4 bytes @ 0xE000ED30)  returns 0x01 (0002ms, 1245ms total)
T124C 029:039 JLINK_ReadReg(R15 (PC))  returns 0x00080246 (0000ms, 1245ms total)
T124C 029:245 JLINK_IsHalted()  returns TRUE (0000ms, 1245ms total)
T11D0 029:247 JLINK_ResetPullsRESET(ON) (0001ms, 1246ms total)
T11D0 029:248 JLINK_ResetNoHalt() >0x2F8 JTAG>TotalIRLen = 4, IRPrint = 0x01 >0x30 JTAG> >0x210 JTAG> >0x70 JTAG> >0x48 JTAG> >0x40 JTAG> >0x48 JTAG> >0x78 JTAG> >0x40 JTAG> >0x30 JTAG> >0x40 JTAG> >0x40 JTAG> >0x30 JTAG> >0x40 JTAG> >0x48 JTAG>Found Cortex-M3 r2p0, Little endian. -- CPU_ReadMem(4 bytes @ 0xE000EDF0) -- CPU_ReadMem(4 bytes @ 0xE0002000)FPUnit: 6 code (BP) slots and 2 literal slots -- CPU_ReadMem(4 bytes @ 0xE0001000) -- CPU_ReadMem(4 bytes @ 0xE000ED88)
 -- CPU_WriteMem(4 bytes @ 0xE000ED88) -- CPU_ReadMem(4 bytes @ 0xE000ED88) -- CPU_WriteMem(4 bytes @ 0xE000ED88)CoreSight components:ROMTbl 0 @ E00FF000 -- CPU_ReadMem(16 bytes @ 0xE00FF000) -- CPU_ReadMem(16 bytes @ 0xE000EFF0) -- CPU_ReadMem(16 bytes @ 0xE000EFE0)ROMTbl 0 [0]: FFF0F000, CID: B105E00D, PID: 002BB000 SCS -- CPU_WriteMem(4 bytes @ 0xE0001000) -- CPU_ReadMem(16 bytes @ 0xE0001FF0) -- CPU_ReadMem(16 bytes @ 0xE0001FE0)ROMTbl 0 [1]: FFF02000, CID: B105E00D, PID: 002BB002 DWT
 -- CPU_ReadMem(16 bytes @ 0xE0002FF0) -- CPU_ReadMem(16 bytes @ 0xE0002FE0)ROMTbl 0 [2]: FFF03000, CID: B105E00D, PID: 002BB003 FPB -- CPU_ReadMem(16 bytes @ 0xE0000FF0) -- CPU_ReadMem(16 bytes @ 0xE0000FE0)ROMTbl 0 [3]: FFF01000, CID: B105E00D, PID: 002BB001 ITM -- CPU_ReadMem(16 bytes @ 0xE00FF010) -- CPU_ReadMem(16 bytes @ 0xE0040FF0) -- CPU_ReadMem(16 bytes @ 0xE0040FE0)ROMTbl 0 [4]: FFF41000, CID: B105900D, PID: 002BB923 TPIU-Lite
                JLINK_Reset() -- CPU_ReadMem(16 bytes @ 0x20000000) -- CPU_WriteMem(16 bytes @ 0x20000000) -- CPU_ReadMem(4 bytes @ 0xE000EDFC) -- CPU_WriteMem(4 bytes @ 0xE000EDFC) -- CPU_ReadMem(4 bytes @ 0xE0001000) -- CPU_WriteMem(4 bytes @ 0xE000ED0C) -- CPU_ReadMem(4 bytes @ 0xE000EDF0) -- CPU_ReadMem(4 bytes @ 0xE000EDF0) -- CPU_WriteMem(4 bytes @ 0xE000EDFC) -- CPU_WriteMem(16 bytes @ 0x20000000) -- CPU_WriteMem(4 bytes @ 0xE0002000) -- CPU_ReadMem(4 bytes @ 0xE000EDFC)
 -- CPU_ReadMem(4 bytes @ 0xE0001000) (0033ms, 0033ms total)
                JLINK_Go() -- CPU_ReadMem(4 bytes @ 0xE0001000) -- CPU_WriteMem(4 bytes @ 0xE0002008) -- CPU_WriteMem(4 bytes @ 0xE000200C) -- CPU_WriteMem(4 bytes @ 0xE0002010) -- CPU_WriteMem(4 bytes @ 0xE0002014) -- CPU_WriteMem(4 bytes @ 0xE0002018) -- CPU_WriteMem(4 bytes @ 0xE000201C) -- CPU_WriteMem(4 bytes @ 0xE0001004) (0009ms, 0042ms total)
               (0079ms, 1325ms total)
T11D0 029:339 JLINK_Close() -- CPU is running -- CPU_WriteMem(4 bytes @ 0xE0002008) -- CPU is running -- CPU_WriteMem(4 bytes @ 0xE000200C) -- CPU is running -- CPU_WriteMem(4 bytes @ 0xE0002010) -- CPU is running -- CPU_WriteMem(4 bytes @ 0xE0002014) -- CPU is running -- CPU_WriteMem(4 bytes @ 0xE0002018) -- CPU is running -- CPU_WriteMem(4 bytes @ 0xE000201C) >0x78 JTAG> >0x08 JTAG> (0012ms, 1337ms total)
T11D0 029:339  (0012ms, 1337ms total)
T11D0 029:339 Closed (0012ms, 1337ms total)
